This file contains any messages produced by compilers while
running configure, to aid debugging if configure makes a mistake.

It was created by eglib configure 0.3, which was
generated by GNU Autoconf 2.69.  Invocation command line was

  $ ./configure --disable-option-checking --prefix=/data/data/com.termux/files/usr --disable-maintainer-mode --enable-compile-warnings --x-includes=/data/data/com.termux/files/usr/include --x-libraries=/data/data/com.termux/files/usr/lib --disable-nls --disable-gsharedvt --enable-parallel-mark=no --enable-bcl-opt=no --with-profile4=no --with-pic=only-pic --with-libgdiplus=/data/data/com.termux/files/usr/lib --with-tls=pthread --with-x=no --with-gc=none --with-sgen=yes --with-xen-opt=no --with-ikvm-native=no --enable-minimal=debug,aot,soft_debug SHELL=/data/data/com.termux/files/usr/bin/bash CONFIG_SHELL=/data/data/com.termux/files/usr/bin/bash CC=gcc -fPIC -fPIE CFLAGS=-I/data/data/com.termux/files/usr/include -D__ANDROID__ -DISABLE_AOT=1 -DARM_FPU_NONE -DPLATFORM_ANDROID LDFLAGS=-L/data/data/com.termux/files/usr/lib -Wl--export-dynamic LIBS=-lc -ldl -lgnustl_shared  -llog -lgdiplus -lcairo -lfontconfig -lfreetype -lpng -lz -lglib-2.0 -lintl -lm  -lpthread CPPFLAGS=-I/data/data/com.termux/files/usr/include -D__ANDROID__ -DISABLE_AOT=1 -DARM_FPU_NONE -DPLATFORM_ANDROID CXX=g++ -fPIC -fPIE CXXFLAGS=-I/data/data/com.termux/files/usr/include -D__ANDROID__ -DISABLE_AOT=1 -DARM_FPU_NONE -DPLATFORM_ANDROID CCC=gcc -E -fPIC -fPIE CPP=gcc -E -fPIC -fPIE CXXCPP=g++ -E -fPIC -fPIE CPPFLAGS_FOR_EGLIB= CFLAGS_FOR_EGLIB=-I/data/data/com.termux/files/usr/include -D__ANDROID__ -DISABLE_AOT=1 -DARM_FPU_NONE -DPLATFORM_ANDROID -fvisibility=hidden --disable-embed-check --with-libgc-threads=pthreads CPPFLAGS_FOR_LIBGC=-I/data/data/com.termux/files/usr/include -D__ANDROID__ -DISABLE_AOT=1 -DARM_FPU_NONE -DPLATFORM_ANDROID -DGC_LINUX_THREADS -D_GNU_SOURCE -D_REENTRANT -DUSE_MMAP -DUSE_MUNMAP -g -Wall -Wunused -Wmissing-prototypes -Wmissing-declarations -Wstrict-prototypes -Wmissing-prototypes -Wnested-externs -Wpointer-arith -Wno-cast-qual -Wwrite-strings -Wno-switch -Wno-switch-enum -Wno-unused-value -Wno-attributes -Qunused-arguments -Wno-unused-function -Wno-tautological-compare -Wno-parentheses-equality -Wno-self-assign -Wno-return-stack-address -Wno-constant-logical-operand -I/data/data/com.termux/files/usr/include -D__ANDROID__ -DISABLE_AOT=1 -DARM_FPU_NONE -DPLATFORM_ANDROID CFLAGS_FOR_LIBGC=-I/data/data/com.termux/files/usr/include -D__ANDROID__ -DISABLE_AOT=1 -DARM_FPU_NONE -DPLATFORM_ANDROID -Wno-deprecated-declarations -g --cache-file=/dev/null --srcdir=.

## --------- ##
## Platform. ##
## --------- ##

hostname = localhost
uname -m = aarch64
uname -r = 3.10.49-g860e1a6
uname -s = Linux
uname -v = #1 SMP PREEMPT Mon Aug 17 12:02:06 KST 2015

/usr/bin/uname -p = unknown
/bin/uname -X     = unknown

/bin/arch              = unknown
/usr/bin/arch -k       = unknown
/usr/convex/getsysinfo = unknown
/usr/bin/hostinfo      = unknown
/bin/machine           = unknown
/usr/bin/oslevel       = unknown
/bin/universe          = unknown

PATH: /data/data/com.termux/files/usr/bin
PATH: /data/data/com.termux/files/usr/bin/applets


## ----------- ##
## Core tests. ##
## ----------- ##

configure:2489: checking build system type
configure:2503: result: aarch64-unknown-linux-gnu
configure:2523: checking host system type
configure:2536: result: aarch64-unknown-linux-gnu
configure:2556: checking target system type
configure:2569: result: aarch64-unknown-linux-gnu
configure:2614: checking for a BSD-compatible install
configure:2682: result: /data/data/com.termux/files/usr/bin/install -c
configure:2693: checking whether build environment is sane
configure:2748: result: yes
configure:2899: checking for a thread-safe mkdir -p
configure:2938: result: /data/data/com.termux/files/usr/bin/mkdir -p
configure:2945: checking for gawk
configure:2975: result: no
configure:2945: checking for mawk
configure:2975: result: no
configure:2945: checking for nawk
configure:2975: result: no
configure:2945: checking for awk
configure:2961: found /data/data/com.termux/files/usr/bin/applets/awk
configure:2972: result: awk
configure:2983: checking whether make sets $(MAKE)
configure:3005: result: yes
configure:3034: checking whether make supports nested variables
configure:3051: result: yes
configure:3140: checking whether UID '10237' is supported by ustar format
configure:3143: result: yes
configure:3150: checking whether GID '10237' is supported by ustar format
configure:3153: result: yes
configure:3161: checking how to create a ustar tar archive
configure:3172: tar --version
tar (GNU tar) 1.29
Copyright (C) 2015 Free Software Foundation, Inc.
License GPLv3+: GNU GPL version 3 or later <http://gnu.org/licenses/gpl.html>.
This is free software: you are free to change and redistribute it.
There is NO WARRANTY, to the extent permitted by law.

Written by John Gilmore and Jay Fenlason.
configure:3175: $? = 0
configure:3215: tardir=conftest.dir && eval tar --format=ustar -chf - "$tardir" >conftest.tar
configure:3218: $? = 0
configure:3222: tar -xf - <conftest.tar
configure:3225: $? = 0
configure:3227: cat conftest.dir/file
GrepMe
configure:3230: $? = 0
configure:3243: result: gnutar
configure:3295: checking whether to enable maintainer-specific portions of Makefiles
configure:3304: result: no
configure:3329: checking whether make supports nested variables
configure:3346: result: yes
configure:3406: checking for gcc
configure:3433: result: gcc -fPIC -fPIE
configure:3662: checking for C compiler version
configure:3671: gcc -fPIC -fPIE --version >&5
clang version 3.9.0 (tags/RELEASE_390/final)
Target: aarch64--linux-android
Thread model: posix
InstalledDir: /data/data/com.termux/files/usr/bin
configure:3682: $? = 0
configure:3671: gcc -fPIC -fPIE -v >&5
clang version 3.9.0 (tags/RELEASE_390/final)
Target: aarch64--linux-android
Thread model: posix
InstalledDir: /data/data/com.termux/files/usr/bin
clang-3.9: warning: argument unused during compilation: '-fPIC'
clang-3.9: warning: argument unused during compilation: '-fPIE'
configure:3682: $? = 0
configure:3671: gcc -fPIC -fPIE -V >&5
clang-3.9: error: argument to '-V' is missing (expected 1 value)
clang-3.9: error: no input files
configure:3682: $? = 1
configure:3671: gcc -fPIC -fPIE -qversion >&5
clang-3.9: error: unknown argument: '-qversion'
clang-3.9: error: no input files
configure:3682: $? = 1
configure:3702: checking whether the C compiler works
configure:3724: gcc -fPIC -fPIE -I/data/data/com.termux/files/usr/include -D__ANDROID__ -DISABLE_AOT=1 -DARM_FPU_NONE -DPLATFORM_ANDROID -I/data/data/com.termux/files/usr/include -D__ANDROID__ -DISABLE_AOT=1 -DARM_FPU_NONE -DPLATFORM_ANDROID -L/data/data/com.termux/files/usr/lib -Wl--export-dynamic conftest.c -lc -ldl -lgnustl_shared  -llog -lgdiplus -lcairo -lfontconfig -lfreetype -lpng -lz -lglib-2.0 -lintl -lm  -lpthread >&5
warning: unknown warning option '-Wl--export-dynamic'; did you mean '-Wunsupported-nan'? [-Wunknown-warning-option]
1 warning generated.
configure:3728: $? = 0
configure:3776: result: yes
configure:3779: checking for C compiler default output file name
configure:3781: result: a.out
configure:3787: checking for suffix of executables
configure:3794: gcc -fPIC -fPIE -o conftest -I/data/data/com.termux/files/usr/include -D__ANDROID__ -DISABLE_AOT=1 -DARM_FPU_NONE -DPLATFORM_ANDROID -I/data/data/com.termux/files/usr/include -D__ANDROID__ -DISABLE_AOT=1 -DARM_FPU_NONE -DPLATFORM_ANDROID -L/data/data/com.termux/files/usr/lib -Wl--export-dynamic conftest.c -lc -ldl -lgnustl_shared  -llog -lgdiplus -lcairo -lfontconfig -lfreetype -lpng -lz -lglib-2.0 -lintl -lm  -lpthread >&5
warning: unknown warning option '-Wl--export-dynamic'; did you mean '-Wunsupported-nan'? [-Wunknown-warning-option]
1 warning generated.
configure:3798: $? = 0
configure:3820: result: 
configure:3842: checking whether we are cross compiling
configure:3850: gcc -fPIC -fPIE -o conftest -I/data/data/com.termux/files/usr/include -D__ANDROID__ -DISABLE_AOT=1 -DARM_FPU_NONE -DPLATFORM_ANDROID -I/data/data/com.termux/files/usr/include -D__ANDROID__ -DISABLE_AOT=1 -DARM_FPU_NONE -DPLATFORM_ANDROID -L/data/data/com.termux/files/usr/lib -Wl--export-dynamic conftest.c -lc -ldl -lgnustl_shared  -llog -lgdiplus -lcairo -lfontconfig -lfreetype -lpng -lz -lglib-2.0 -lintl -lm  -lpthread >&5
warning: unknown warning option '-Wl--export-dynamic'; did you mean '-Wunsupported-nan'? [-Wunknown-warning-option]
1 warning generated.
configure:3854: $? = 0
configure:3861: ./conftest
configure:3865: $? = 0
configure:3880: result: no
configure:3885: checking for suffix of object files
configure:3907: gcc -fPIC -fPIE -c -I/data/data/com.termux/files/usr/include -D__ANDROID__ -DISABLE_AOT=1 -DARM_FPU_NONE -DPLATFORM_ANDROID -I/data/data/com.termux/files/usr/include -D__ANDROID__ -DISABLE_AOT=1 -DARM_FPU_NONE -DPLATFORM_ANDROID conftest.c >&5
configure:3911: $? = 0
configure:3932: result: o
configure:3936: checking whether we are using the GNU C compiler
configure:3955: gcc -fPIC -fPIE -c -I/data/data/com.termux/files/usr/include -D__ANDROID__ -DISABLE_AOT=1 -DARM_FPU_NONE -DPLATFORM_ANDROID -I/data/data/com.termux/files/usr/include -D__ANDROID__ -DISABLE_AOT=1 -DARM_FPU_NONE -DPLATFORM_ANDROID conftest.c >&5
configure:3955: $? = 0
configure:3964: result: yes
configure:3973: checking whether gcc -fPIC -fPIE accepts -g
configure:3993: gcc -fPIC -fPIE -c -g -I/data/data/com.termux/files/usr/include -D__ANDROID__ -DISABLE_AOT=1 -DARM_FPU_NONE -DPLATFORM_ANDROID conftest.c >&5
configure:3993: $? = 0
configure:4034: result: yes
configure:4051: checking for gcc -fPIC -fPIE option to accept ISO C89
configure:4114: gcc -fPIC -fPIE  -c -I/data/data/com.termux/files/usr/include -D__ANDROID__ -DISABLE_AOT=1 -DARM_FPU_NONE -DPLATFORM_ANDROID -I/data/data/com.termux/files/usr/include -D__ANDROID__ -DISABLE_AOT=1 -DARM_FPU_NONE -DPLATFORM_ANDROID conftest.c >&5
configure:4114: $? = 0
configure:4127: result: none needed
configure:4152: checking whether gcc -fPIC -fPIE understands -c and -o together
configure:4174: gcc -fPIC -fPIE -c conftest.c -o conftest2.o
configure:4177: $? = 0
configure:4174: gcc -fPIC -fPIE -c conftest.c -o conftest2.o
configure:4177: $? = 0
configure:4189: result: yes
configure:4217: checking for style of include used by make
configure:4245: result: GNU
configure:4271: checking dependency style of gcc -fPIC -fPIE
configure:4382: result: gcc3
configure:4443: checking how to print strings
configure:4470: result: printf
configure:4491: checking for a sed that does not truncate output
configure:4555: result: /data/data/com.termux/files/usr/bin/sed
configure:4573: checking for grep that handles long lines and -e
configure:4631: result: /data/data/com.termux/files/usr/bin/grep
configure:4636: checking for egrep
configure:4698: result: /data/data/com.termux/files/usr/bin/grep -E
configure:4703: checking for fgrep
configure:4765: result: /data/data/com.termux/files/usr/bin/grep -F
configure:4800: checking for ld used by gcc -fPIC -fPIE
configure:4867: result: /data/data/com.termux/files/usr/bin/ld
configure:4874: checking if the linker (/data/data/com.termux/files/usr/bin/ld) is GNU ld
configure:4889: result: yes
configure:4901: checking for BSD- or MS-compatible name lister (nm)
configure:4950: result: /data/data/com.termux/files/usr/bin/nm -B
configure:5080: checking the name lister (/data/data/com.termux/files/usr/bin/nm -B) interface
configure:5087: gcc -fPIC -fPIE -c -I/data/data/com.termux/files/usr/include -D__ANDROID__ -DISABLE_AOT=1 -DARM_FPU_NONE -DPLATFORM_ANDROID -I/data/data/com.termux/files/usr/include -D__ANDROID__ -DISABLE_AOT=1 -DARM_FPU_NONE -DPLATFORM_ANDROID conftest.c >&5
configure:5090: /data/data/com.termux/files/usr/bin/nm -B "conftest.o"
configure:5093: output
0000000000000000 B some_variable
configure:5100: result: BSD nm
configure:5103: checking whether ln -s works
configure:5107: result: yes
configure:5115: checking the maximum length of command line arguments
configure:5246: result: 32768
configure:5263: checking whether the shell understands some XSI constructs
configure:5273: result: yes
configure:5277: checking whether the shell understands "+="
configure:5283: result: yes
configure:5318: checking how to convert aarch64-unknown-linux-gnu file names to aarch64-unknown-linux-gnu format
configure:5358: result: func_convert_file_noop
configure:5365: checking how to convert aarch64-unknown-linux-gnu file names to toolchain format
configure:5385: result: func_convert_file_noop
configure:5392: checking for /data/data/com.termux/files/usr/bin/ld option to reload object files
configure:5399: result: -r
configure:5473: checking for objdump
configure:5489: found /data/data/com.termux/files/usr/bin/objdump
configure:5500: result: objdump
configure:5532: checking how to recognize dependent libraries
configure:5730: result: pass_all
configure:5815: checking for dlltool
configure:5845: result: no
configure:5875: checking how to associate runtime and link libraries
configure:5902: result: printf %s\n
configure:5963: checking for ar
configure:5979: found /data/data/com.termux/files/usr/bin/ar
configure:5990: result: ar
configure:6027: checking for archiver @FILE support
configure:6044: gcc -fPIC -fPIE -c -I/data/data/com.termux/files/usr/include -D__ANDROID__ -DISABLE_AOT=1 -DARM_FPU_NONE -DPLATFORM_ANDROID -I/data/data/com.termux/files/usr/include -D__ANDROID__ -DISABLE_AOT=1 -DARM_FPU_NONE -DPLATFORM_ANDROID conftest.c >&5
configure:6044: $? = 0
configure:6047: ar cru libconftest.a @conftest.lst >&5
configure:6050: $? = 0
configure:6055: ar cru libconftest.a @conftest.lst >&5
ar: conftest.o: No such file or directory
configure:6058: $? = 1
configure:6070: result: @
configure:6128: checking for strip
configure:6144: found /data/data/com.termux/files/usr/bin/strip
configure:6155: result: strip
configure:6227: checking for ranlib
configure:6243: found /data/data/com.termux/files/usr/bin/ranlib
configure:6254: result: ranlib
configure:6356: checking command to parse /data/data/com.termux/files/usr/bin/nm -B output from gcc -fPIC -fPIE object
configure:6476: gcc -fPIC -fPIE -c -I/data/data/com.termux/files/usr/include -D__ANDROID__ -DISABLE_AOT=1 -DARM_FPU_NONE -DPLATFORM_ANDROID -I/data/data/com.termux/files/usr/include -D__ANDROID__ -DISABLE_AOT=1 -DARM_FPU_NONE -DPLATFORM_ANDROID conftest.c >&5
configure:6479: $? = 0
configure:6483: /data/data/com.termux/files/usr/bin/nm -B conftest.o \| sed -n -e 's/^.*[ ]\([ABCDGIRSTW][ABCDGIRSTW]*\)[ ][ ]*\([_A-Za-z][_A-Za-z0-9]*\)$/\1 \2 \2/p' | sed '/ __gnu_lto/d' \> conftest.nm
configure:6486: $? = 0
configure:6552: gcc -fPIC -fPIE -o conftest -I/data/data/com.termux/files/usr/include -D__ANDROID__ -DISABLE_AOT=1 -DARM_FPU_NONE -DPLATFORM_ANDROID -I/data/data/com.termux/files/usr/include -D__ANDROID__ -DISABLE_AOT=1 -DARM_FPU_NONE -DPLATFORM_ANDROID -L/data/data/com.termux/files/usr/lib -Wl--export-dynamic conftest.c conftstm.o >&5
warning: unknown warning option '-Wl--export-dynamic'; did you mean '-Wunsupported-nan'? [-Wunknown-warning-option]
1 warning generated.
configure:6555: $? = 0
configure:6593: result: ok
configure:6630: checking for sysroot
configure:6660: result: no
configure:6929: checking for mt
configure:6959: result: no
configure:6979: checking if : is a manifest tool
configure:6985: : '-?'
configure:6993: result: no
configure:7635: checking how to run the C preprocessor
configure:7705: result: gcc -E -fPIC -fPIE
configure:7725: gcc -E -fPIC -fPIE -I/data/data/com.termux/files/usr/include -D__ANDROID__ -DISABLE_AOT=1 -DARM_FPU_NONE -DPLATFORM_ANDROID conftest.c
configure:7725: $? = 0
configure:7739: gcc -E -fPIC -fPIE -I/data/data/com.termux/files/usr/include -D__ANDROID__ -DISABLE_AOT=1 -DARM_FPU_NONE -DPLATFORM_ANDROID conftest.c
conftest.c:11:10: fatal error: 'ac_nonexistent.h' file not found
#include <ac_nonexistent.h>
         ^
1 error generated.
configure:7739: $? = 1
configure: failed program was:
| /* confdefs.h */
| #define PACKAGE_NAME "eglib"
| #define PACKAGE_TARNAME "eglib"
| #define PACKAGE_VERSION "0.3"
| #define PACKAGE_STRING "eglib 0.3"
| #define PACKAGE_BUGREPORT "http://bugzilla.xamarin.com/enter_bug.cgi?classification=Mono"
| #define PACKAGE_URL ""
| #define PACKAGE "eglib"
| #define VERSION "0.3"
| /* end confdefs.h.  */
| #include <ac_nonexistent.h>
configure:7768: checking for ANSI C header files
configure:7788: gcc -fPIC -fPIE -c -I/data/data/com.termux/files/usr/include -D__ANDROID__ -DISABLE_AOT=1 -DARM_FPU_NONE -DPLATFORM_ANDROID -I/data/data/com.termux/files/usr/include -D__ANDROID__ -DISABLE_AOT=1 -DARM_FPU_NONE -DPLATFORM_ANDROID conftest.c >&5
configure:7788: $? = 0
configure:7861: gcc -fPIC -fPIE -o conftest -I/data/data/com.termux/files/usr/include -D__ANDROID__ -DISABLE_AOT=1 -DARM_FPU_NONE -DPLATFORM_ANDROID -I/data/data/com.termux/files/usr/include -D__ANDROID__ -DISABLE_AOT=1 -DARM_FPU_NONE -DPLATFORM_ANDROID -L/data/data/com.termux/files/usr/lib -Wl--export-dynamic conftest.c -lc -ldl -lgnustl_shared  -llog -lgdiplus -lcairo -lfontconfig -lfreetype -lpng -lz -lglib-2.0 -lintl -lm  -lpthread >&5
warning: unknown warning option '-Wl--export-dynamic'; did you mean '-Wunsupported-nan'? [-Wunknown-warning-option]
1 warning generated.
configure:7861: $? = 0
configure:7861: ./conftest
configure:7861: $? = 0
configure:7872: result: yes
configure:7885: checking for sys/types.h
configure:7885: gcc -fPIC -fPIE -c -I/data/data/com.termux/files/usr/include -D__ANDROID__ -DISABLE_AOT=1 -DARM_FPU_NONE -DPLATFORM_ANDROID -I/data/data/com.termux/files/usr/include -D__ANDROID__ -DISABLE_AOT=1 -DARM_FPU_NONE -DPLATFORM_ANDROID conftest.c >&5
configure:7885: $? = 0
configure:7885: result: yes
configure:7885: checking for sys/stat.h
configure:7885: gcc -fPIC -fPIE -c -I/data/data/com.termux/files/usr/include -D__ANDROID__ -DISABLE_AOT=1 -DARM_FPU_NONE -DPLATFORM_ANDROID -I/data/data/com.termux/files/usr/include -D__ANDROID__ -DISABLE_AOT=1 -DARM_FPU_NONE -DPLATFORM_ANDROID conftest.c >&5
configure:7885: $? = 0
configure:7885: result: yes
configure:7885: checking for stdlib.h
configure:7885: gcc -fPIC -fPIE -c -I/data/data/com.termux/files/usr/include -D__ANDROID__ -DISABLE_AOT=1 -DARM_FPU_NONE -DPLATFORM_ANDROID -I/data/data/com.termux/files/usr/include -D__ANDROID__ -DISABLE_AOT=1 -DARM_FPU_NONE -DPLATFORM_ANDROID conftest.c >&5
configure:7885: $? = 0
configure:7885: result: yes
configure:7885: checking for string.h
configure:7885: gcc -fPIC -fPIE -c -I/data/data/com.termux/files/usr/include -D__ANDROID__ -DISABLE_AOT=1 -DARM_FPU_NONE -DPLATFORM_ANDROID -I/data/data/com.termux/files/usr/include -D__ANDROID__ -DISABLE_AOT=1 -DARM_FPU_NONE -DPLATFORM_ANDROID conftest.c >&5
configure:7885: $? = 0
configure:7885: result: yes
configure:7885: checking for memory.h
configure:7885: gcc -fPIC -fPIE -c -I/data/data/com.termux/files/usr/include -D__ANDROID__ -DISABLE_AOT=1 -DARM_FPU_NONE -DPLATFORM_ANDROID -I/data/data/com.termux/files/usr/include -D__ANDROID__ -DISABLE_AOT=1 -DARM_FPU_NONE -DPLATFORM_ANDROID conftest.c >&5
configure:7885: $? = 0
configure:7885: result: yes
configure:7885: checking for strings.h
configure:7885: gcc -fPIC -fPIE -c -I/data/data/com.termux/files/usr/include -D__ANDROID__ -DISABLE_AOT=1 -DARM_FPU_NONE -DPLATFORM_ANDROID -I/data/data/com.termux/files/usr/include -D__ANDROID__ -DISABLE_AOT=1 -DARM_FPU_NONE -DPLATFORM_ANDROID conftest.c >&5
configure:7885: $? = 0
configure:7885: result: yes
configure:7885: checking for inttypes.h
configure:7885: gcc -fPIC -fPIE -c -I/data/data/com.termux/files/usr/include -D__ANDROID__ -DISABLE_AOT=1 -DARM_FPU_NONE -DPLATFORM_ANDROID -I/data/data/com.termux/files/usr/include -D__ANDROID__ -DISABLE_AOT=1 -DARM_FPU_NONE -DPLATFORM_ANDROID conftest.c >&5
configure:7885: $? = 0
configure:7885: result: yes
configure:7885: checking for stdint.h
configure:7885: gcc -fPIC -fPIE -c -I/data/data/com.termux/files/usr/include -D__ANDROID__ -DISABLE_AOT=1 -DARM_FPU_NONE -DPLATFORM_ANDROID -I/data/data/com.termux/files/usr/include -D__ANDROID__ -DISABLE_AOT=1 -DARM_FPU_NONE -DPLATFORM_ANDROID conftest.c >&5
configure:7885: $? = 0
configure:7885: result: yes
configure:7885: checking for unistd.h
configure:7885: gcc -fPIC -fPIE -c -I/data/data/com.termux/files/usr/include -D__ANDROID__ -DISABLE_AOT=1 -DARM_FPU_NONE -DPLATFORM_ANDROID -I/data/data/com.termux/files/usr/include -D__ANDROID__ -DISABLE_AOT=1 -DARM_FPU_NONE -DPLATFORM_ANDROID conftest.c >&5
configure:7885: $? = 0
configure:7885: result: yes
configure:7899: checking for dlfcn.h
configure:7899: gcc -fPIC -fPIE -c -I/data/data/com.termux/files/usr/include -D__ANDROID__ -DISABLE_AOT=1 -DARM_FPU_NONE -DPLATFORM_ANDROID -I/data/data/com.termux/files/usr/include -D__ANDROID__ -DISABLE_AOT=1 -DARM_FPU_NONE -DPLATFORM_ANDROID conftest.c >&5
configure:7899: $? = 0
configure:7899: result: yes
configure:8105: checking for objdir
configure:8120: result: .libs
configure:8391: checking if gcc -fPIC -fPIE supports -fno-rtti -fno-exceptions
configure:8409: gcc -fPIC -fPIE -c -I/data/data/com.termux/files/usr/include -D__ANDROID__ -DISABLE_AOT=1 -DARM_FPU_NONE -DPLATFORM_ANDROID -I/data/data/com.termux/files/usr/include -D__ANDROID__ -DISABLE_AOT=1 -DARM_FPU_NONE -DPLATFORM_ANDROID -fno-rtti -fno-exceptions conftest.c >&5
configure:8413: $? = 0
configure:8426: result: yes
configure:8753: checking for gcc -fPIC -fPIE option to produce PIC
configure:8760: result: -fPIC -DPIC
configure:8768: checking if gcc -fPIC -fPIE PIC flag -fPIC -DPIC works
configure:8786: gcc -fPIC -fPIE -c -I/data/data/com.termux/files/usr/include -D__ANDROID__ -DISABLE_AOT=1 -DARM_FPU_NONE -DPLATFORM_ANDROID -I/data/data/com.termux/files/usr/include -D__ANDROID__ -DISABLE_AOT=1 -DARM_FPU_NONE -DPLATFORM_ANDROID -fPIC -DPIC -DPIC conftest.c >&5
configure:8790: $? = 0
configure:8803: result: yes
configure:8832: checking if gcc -fPIC -fPIE static flag -static works
configure:8860: result: no
configure:8875: checking if gcc -fPIC -fPIE supports -c -o file.o
configure:8896: gcc -fPIC -fPIE -c -I/data/data/com.termux/files/usr/include -D__ANDROID__ -DISABLE_AOT=1 -DARM_FPU_NONE -DPLATFORM_ANDROID -I/data/data/com.termux/files/usr/include -D__ANDROID__ -DISABLE_AOT=1 -DARM_FPU_NONE -DPLATFORM_ANDROID -o out/conftest2.o conftest.c >&5
configure:8900: $? = 0
configure:8922: result: yes
configure:8930: checking if gcc -fPIC -fPIE supports -c -o file.o
configure:8977: result: yes
configure:9010: checking whether the gcc -fPIC -fPIE linker (/data/data/com.termux/files/usr/bin/ld) supports shared libraries
configure:10167: result: yes
configure:10204: checking whether -lc should be explicitly linked in
configure:10212: gcc -fPIC -fPIE -c -I/data/data/com.termux/files/usr/include -D__ANDROID__ -DISABLE_AOT=1 -DARM_FPU_NONE -DPLATFORM_ANDROID -I/data/data/com.termux/files/usr/include -D__ANDROID__ -DISABLE_AOT=1 -DARM_FPU_NONE -DPLATFORM_ANDROID conftest.c >&5
configure:10215: $? = 0
configure:10230: gcc -fPIC -fPIE -shared  -fPIC -DPIC conftest.o  -v -Wl,-soname -Wl,conftest -o conftest 2\>\&1 \| /data/data/com.termux/files/usr/bin/grep  -lc  \>/dev/null 2\>\&1
configure:10233: $? = 0
configure:10247: result: no
configure:10407: checking dynamic linker characteristics
configure:10907: gcc -fPIC -fPIE -o conftest -I/data/data/com.termux/files/usr/include -D__ANDROID__ -DISABLE_AOT=1 -DARM_FPU_NONE -DPLATFORM_ANDROID -I/data/data/com.termux/files/usr/include -D__ANDROID__ -DISABLE_AOT=1 -DARM_FPU_NONE -DPLATFORM_ANDROID -L/data/data/com.termux/files/usr/lib -Wl--export-dynamic -Wl,-rpath -Wl,/foo conftest.c -lc -ldl -lgnustl_shared  -llog -lgdiplus -lcairo -lfontconfig -lfreetype -lpng -lz -lglib-2.0 -lintl -lm  -lpthread >&5
warning: unknown warning option '-Wl--export-dynamic'; did you mean '-Wunsupported-nan'? [-Wunknown-warning-option]
1 warning generated.
configure:10907: $? = 0
configure:11141: result: GNU/Linux ld.so
configure:11248: checking how to hardcode library paths into programs
configure:11273: result: immediate
configure:11813: checking whether stripping libraries is possible
configure:11818: result: yes
configure:11853: checking if libtool supports shared libraries
configure:11855: result: yes
configure:11858: checking whether to build shared libraries
configure:11879: result: yes
configure:11882: checking whether to build static libraries
configure:11886: result: yes
configure:11930: checking for bash
configure:11948: found /data/data/com.termux/files/usr/bin/bash
configure:11960: result: /data/data/com.termux/files/usr/bin/bash
configure:11968: checking if dolt supports this host
configure:11998: result: yes, replacing libtool
configure:12160: checking whether byte ordering is bigendian
configure:12175: gcc -fPIC -fPIE -c -I/data/data/com.termux/files/usr/include -D__ANDROID__ -DISABLE_AOT=1 -DARM_FPU_NONE -DPLATFORM_ANDROID -fvisibility=hidden -g -D_GNU_SOURCE -I/data/data/com.termux/files/usr/include -D__ANDROID__ -DISABLE_AOT=1 -DARM_FPU_NONE -DPLATFORM_ANDROID conftest.c >&5
conftest.c:24:9: error: unknown type name 'not'
               not a universal capable compiler
               ^
conftest.c:24:14: error: expected ';' after top level declarator
               not a universal capable compiler
                    ^
                    ;
2 errors generated.
configure:12175: $? = 1
configure: failed program was:
| /* confdefs.h */
| #define PACKAGE_NAME "eglib"
| #define PACKAGE_TARNAME "eglib"
| #define PACKAGE_VERSION "0.3"
| #define PACKAGE_STRING "eglib 0.3"
| #define PACKAGE_BUGREPORT "http://bugzilla.xamarin.com/enter_bug.cgi?classification=Mono"
| #define PACKAGE_URL ""
| #define PACKAGE "eglib"
| #define VERSION "0.3"
| #define STDC_HEADERS 1
| #define HAVE_SYS_TYPES_H 1
| #define HAVE_SYS_STAT_H 1
| #define HAVE_STDLIB_H 1
| #define HAVE_STRING_H 1
| #define HAVE_MEMORY_H 1
| #define HAVE_STRINGS_H 1
| #define HAVE_INTTYPES_H 1
| #define HAVE_STDINT_H 1
| #define HAVE_UNISTD_H 1
| #define HAVE_DLFCN_H 1
| #define LT_OBJDIR ".libs/"
| /* end confdefs.h.  */
| #ifndef __APPLE_CC__
| 	       not a universal capable compiler
| 	     #endif
| 	     typedef int dummy;
| 
configure:12220: gcc -fPIC -fPIE -c -I/data/data/com.termux/files/usr/include -D__ANDROID__ -DISABLE_AOT=1 -DARM_FPU_NONE -DPLATFORM_ANDROID -fvisibility=hidden -g -D_GNU_SOURCE -I/data/data/com.termux/files/usr/include -D__ANDROID__ -DISABLE_AOT=1 -DARM_FPU_NONE -DPLATFORM_ANDROID conftest.c >&5
conftest.c:30:8: error: use of undeclared identifier 'bogus'
              bogus endian macros
              ^
1 error generated.
configure:12220: $? = 1
configure: failed program was:
| /* confdefs.h */
| #define PACKAGE_NAME "eglib"
| #define PACKAGE_TARNAME "eglib"
| #define PACKAGE_VERSION "0.3"
| #define PACKAGE_STRING "eglib 0.3"
| #define PACKAGE_BUGREPORT "http://bugzilla.xamarin.com/enter_bug.cgi?classification=Mono"
| #define PACKAGE_URL ""
| #define PACKAGE "eglib"
| #define VERSION "0.3"
| #define STDC_HEADERS 1
| #define HAVE_SYS_TYPES_H 1
| #define HAVE_SYS_STAT_H 1
| #define HAVE_STDLIB_H 1
| #define HAVE_STRING_H 1
| #define HAVE_MEMORY_H 1
| #define HAVE_STRINGS_H 1
| #define HAVE_INTTYPES_H 1
| #define HAVE_STDINT_H 1
| #define HAVE_UNISTD_H 1
| #define HAVE_DLFCN_H 1
| #define LT_OBJDIR ".libs/"
| /* end confdefs.h.  */
| #include <sys/types.h>
| 	     #include <sys/param.h>
| 
| int
| main ()
| {
| #if ! (defined BYTE_ORDER && defined BIG_ENDIAN 		     && defined LITTLE_ENDIAN && BYTE_ORDER && BIG_ENDIAN 		     && LITTLE_ENDIAN)
| 	      bogus endian macros
| 	     #endif
| 
|   ;
|   return 0;
| }
configure:12264: gcc -fPIC -fPIE -c -I/data/data/com.termux/files/usr/include -D__ANDROID__ -DISABLE_AOT=1 -DARM_FPU_NONE -DPLATFORM_ANDROID -fvisibility=hidden -g -D_GNU_SOURCE -I/data/data/com.termux/files/usr/include -D__ANDROID__ -DISABLE_AOT=1 -DARM_FPU_NONE -DPLATFORM_ANDROID conftest.c >&5
conftest.c:29:8: error: use of undeclared identifier 'bogus'
              bogus endian macros
              ^
1 error generated.
configure:12264: $? = 1
configure: failed program was:
| /* confdefs.h */
| #define PACKAGE_NAME "eglib"
| #define PACKAGE_TARNAME "eglib"
| #define PACKAGE_VERSION "0.3"
| #define PACKAGE_STRING "eglib 0.3"
| #define PACKAGE_BUGREPORT "http://bugzilla.xamarin.com/enter_bug.cgi?classification=Mono"
| #define PACKAGE_URL ""
| #define PACKAGE "eglib"
| #define VERSION "0.3"
| #define STDC_HEADERS 1
| #define HAVE_SYS_TYPES_H 1
| #define HAVE_SYS_STAT_H 1
| #define HAVE_STDLIB_H 1
| #define HAVE_STRING_H 1
| #define HAVE_MEMORY_H 1
| #define HAVE_STRINGS_H 1
| #define HAVE_INTTYPES_H 1
| #define HAVE_STDINT_H 1
| #define HAVE_UNISTD_H 1
| #define HAVE_DLFCN_H 1
| #define LT_OBJDIR ".libs/"
| /* end confdefs.h.  */
| #include <limits.h>
| 
| int
| main ()
| {
| #if ! (defined _LITTLE_ENDIAN || defined _BIG_ENDIAN)
| 	      bogus endian macros
| 	     #endif
| 
|   ;
|   return 0;
| }
configure:12355: gcc -fPIC -fPIE -o conftest -I/data/data/com.termux/files/usr/include -D__ANDROID__ -DISABLE_AOT=1 -DARM_FPU_NONE -DPLATFORM_ANDROID -fvisibility=hidden -g -D_GNU_SOURCE -I/data/data/com.termux/files/usr/include -D__ANDROID__ -DISABLE_AOT=1 -DARM_FPU_NONE -DPLATFORM_ANDROID -L/data/data/com.termux/files/usr/lib -Wl--export-dynamic conftest.c -lc -ldl -lgnustl_shared  -llog -lgdiplus -lcairo -lfontconfig -lfreetype -lpng -lz -lglib-2.0 -lintl -lm  -lpthread >&5
warning: unknown warning option '-Wl--export-dynamic'; did you mean '-Wunsupported-nan'? [-Wunknown-warning-option]
1 warning generated.
configure:12355: $? = 0
configure:12355: ./conftest
configure:12355: $? = 0
configure:12366: result: no
configure:12530: checking size of int
configure:12535: gcc -fPIC -fPIE -o conftest -I/data/data/com.termux/files/usr/include -D__ANDROID__ -DISABLE_AOT=1 -DARM_FPU_NONE -DPLATFORM_ANDROID -fvisibility=hidden -g -D_GNU_SOURCE -U_FORTIFY_SOURCE -I/data/data/com.termux/files/usr/include -D__ANDROID__ -DISABLE_AOT=1 -DARM_FPU_NONE -DPLATFORM_ANDROID -L/data/data/com.termux/files/usr/lib -Wl--export-dynamic conftest.c -lc -ldl -lgnustl_shared  -llog -lgdiplus -lcairo -lfontconfig -lfreetype -lpng -lz -lglib-2.0 -lintl -lm  -lpthread >&5
warning: unknown warning option '-Wl--export-dynamic'; did you mean '-Wunsupported-nan'? [-Wunknown-warning-option]
1 warning generated.
configure:12535: $? = 0
configure:12535: ./conftest
configure:12535: $? = 0
configure:12549: result: 4
configure:12563: checking size of void *
configure:12568: gcc -fPIC -fPIE -o conftest -I/data/data/com.termux/files/usr/include -D__ANDROID__ -DISABLE_AOT=1 -DARM_FPU_NONE -DPLATFORM_ANDROID -fvisibility=hidden -g -D_GNU_SOURCE -U_FORTIFY_SOURCE -I/data/data/com.termux/files/usr/include -D__ANDROID__ -DISABLE_AOT=1 -DARM_FPU_NONE -DPLATFORM_ANDROID -L/data/data/com.termux/files/usr/lib -Wl--export-dynamic conftest.c -lc -ldl -lgnustl_shared  -llog -lgdiplus -lcairo -lfontconfig -lfreetype -lpng -lz -lglib-2.0 -lintl -lm  -lpthread >&5
warning: unknown warning option '-Wl--export-dynamic'; did you mean '-Wunsupported-nan'? [-Wunknown-warning-option]
1 warning generated.
configure:12568: $? = 0
configure:12568: ./conftest
configure:12568: $? = 0
configure:12582: result: 8
configure:12596: checking size of long
configure:12601: gcc -fPIC -fPIE -o conftest -I/data/data/com.termux/files/usr/include -D__ANDROID__ -DISABLE_AOT=1 -DARM_FPU_NONE -DPLATFORM_ANDROID -fvisibility=hidden -g -D_GNU_SOURCE -U_FORTIFY_SOURCE -I/data/data/com.termux/files/usr/include -D__ANDROID__ -DISABLE_AOT=1 -DARM_FPU_NONE -DPLATFORM_ANDROID -L/data/data/com.termux/files/usr/lib -Wl--export-dynamic conftest.c -lc -ldl -lgnustl_shared  -llog -lgdiplus -lcairo -lfontconfig -lfreetype -lpng -lz -lglib-2.0 -lintl -lm  -lpthread >&5
warning: unknown warning option '-Wl--export-dynamic'; did you mean '-Wunsupported-nan'? [-Wunknown-warning-option]
1 warning generated.
configure:12601: $? = 0
configure:12601: ./conftest
configure:12601: $? = 0
configure:12615: result: 8
configure:12629: checking size of long long
configure:12634: gcc -fPIC -fPIE -o conftest -I/data/data/com.termux/files/usr/include -D__ANDROID__ -DISABLE_AOT=1 -DARM_FPU_NONE -DPLATFORM_ANDROID -fvisibility=hidden -g -D_GNU_SOURCE -U_FORTIFY_SOURCE -I/data/data/com.termux/files/usr/include -D__ANDROID__ -DISABLE_AOT=1 -DARM_FPU_NONE -DPLATFORM_ANDROID -L/data/data/com.termux/files/usr/lib -Wl--export-dynamic conftest.c -lc -ldl -lgnustl_shared  -llog -lgdiplus -lcairo -lfontconfig -lfreetype -lpng -lz -lglib-2.0 -lintl -lm  -lpthread >&5
warning: unknown warning option '-Wl--export-dynamic'; did you mean '-Wunsupported-nan'? [-Wunknown-warning-option]
1 warning generated.
configure:12634: $? = 0
configure:12634: ./conftest
configure:12634: $? = 0
configure:12648: result: 8
configure:12661: checking for strlcpy
configure:12661: gcc -fPIC -fPIE -o conftest -I/data/data/com.termux/files/usr/include -D__ANDROID__ -DISABLE_AOT=1 -DARM_FPU_NONE -DPLATFORM_ANDROID -fvisibility=hidden -g -D_GNU_SOURCE -U_FORTIFY_SOURCE -I/data/data/com.termux/files/usr/include -D__ANDROID__ -DISABLE_AOT=1 -DARM_FPU_NONE -DPLATFORM_ANDROID -L/data/data/com.termux/files/usr/lib -Wl--export-dynamic conftest.c -lc -ldl -lgnustl_shared  -llog -lgdiplus -lcairo -lfontconfig -lfreetype -lpng -lz -lglib-2.0 -lintl -lm  -lpthread >&5
warning: unknown warning option '-Wl--export-dynamic'; did you mean '-Wunsupported-nan'? [-Wunknown-warning-option]
conftest.c:52:6: warning: incompatible redeclaration of library function 'strlcpy' [-Wincompatible-library-redeclaration]
char strlcpy ();
     ^
conftest.c:52:6: note: 'strlcpy' is a builtin with type 'unsigned long (char *, const char *, unsigned long)'
2 warnings generated.
configure:12661: $? = 0
configure:12661: result: yes
configure:12661: checking for stpcpy
configure:12661: gcc -fPIC -fPIE -o conftest -I/data/data/com.termux/files/usr/include -D__ANDROID__ -DISABLE_AOT=1 -DARM_FPU_NONE -DPLATFORM_ANDROID -fvisibility=hidden -g -D_GNU_SOURCE -U_FORTIFY_SOURCE -I/data/data/com.termux/files/usr/include -D__ANDROID__ -DISABLE_AOT=1 -DARM_FPU_NONE -DPLATFORM_ANDROID -L/data/data/com.termux/files/usr/lib -Wl--export-dynamic conftest.c -lc -ldl -lgnustl_shared  -llog -lgdiplus -lcairo -lfontconfig -lfreetype -lpng -lz -lglib-2.0 -lintl -lm  -lpthread >&5
warning: unknown warning option '-Wl--export-dynamic'; did you mean '-Wunsupported-nan'? [-Wunknown-warning-option]
conftest.c:53:6: warning: incompatible redeclaration of library function 'stpcpy' [-Wincompatible-library-redeclaration]
char stpcpy ();
     ^
conftest.c:53:6: note: 'stpcpy' is a builtin with type 'char *(char *, const char *)'
2 warnings generated.
configure:12661: $? = 0
configure:12661: result: yes
configure:12661: checking for strtok_r
configure:12661: gcc -fPIC -fPIE -o conftest -I/data/data/com.termux/files/usr/include -D__ANDROID__ -DISABLE_AOT=1 -DARM_FPU_NONE -DPLATFORM_ANDROID -fvisibility=hidden -g -D_GNU_SOURCE -U_FORTIFY_SOURCE -I/data/data/com.termux/files/usr/include -D__ANDROID__ -DISABLE_AOT=1 -DARM_FPU_NONE -DPLATFORM_ANDROID -L/data/data/com.termux/files/usr/lib -Wl--export-dynamic conftest.c -lc -ldl -lgnustl_shared  -llog -lgdiplus -lcairo -lfontconfig -lfreetype -lpng -lz -lglib-2.0 -lintl -lm  -lpthread >&5
warning: unknown warning option '-Wl--export-dynamic'; did you mean '-Wunsupported-nan'? [-Wunknown-warning-option]
1 warning generated.
configure:12661: $? = 0
configure:12661: result: yes
configure:12661: checking for rewinddir
configure:12661: gcc -fPIC -fPIE -o conftest -I/data/data/com.termux/files/usr/include -D__ANDROID__ -DISABLE_AOT=1 -DARM_FPU_NONE -DPLATFORM_ANDROID -fvisibility=hidden -g -D_GNU_SOURCE -U_FORTIFY_SOURCE -I/data/data/com.termux/files/usr/include -D__ANDROID__ -DISABLE_AOT=1 -DARM_FPU_NONE -DPLATFORM_ANDROID -L/data/data/com.termux/files/usr/lib -Wl--export-dynamic conftest.c -lc -ldl -lgnustl_shared  -llog -lgdiplus -lcairo -lfontconfig -lfreetype -lpng -lz -lglib-2.0 -lintl -lm  -lpthread >&5
warning: unknown warning option '-Wl--export-dynamic'; did you mean '-Wunsupported-nan'? [-Wunknown-warning-option]
1 warning generated.
configure:12661: $? = 0
configure:12661: result: yes
configure:12661: checking for vasprintf
configure:12661: gcc -fPIC -fPIE -o conftest -I/data/data/com.termux/files/usr/include -D__ANDROID__ -DISABLE_AOT=1 -DARM_FPU_NONE -DPLATFORM_ANDROID -fvisibility=hidden -g -D_GNU_SOURCE -U_FORTIFY_SOURCE -I/data/data/com.termux/files/usr/include -D__ANDROID__ -DISABLE_AOT=1 -DARM_FPU_NONE -DPLATFORM_ANDROID -L/data/data/com.termux/files/usr/lib -Wl--export-dynamic conftest.c -lc -ldl -lgnustl_shared  -llog -lgdiplus -lcairo -lfontconfig -lfreetype -lpng -lz -lglib-2.0 -lintl -lm  -lpthread >&5
warning: unknown warning option '-Wl--export-dynamic'; did you mean '-Wunsupported-nan'? [-Wunknown-warning-option]
conftest.c:67:19: warning: format string missing [-Wformat]
return vasprintf ();
       ~~~~~~~~~  ^
2 warnings generated.
configure:12661: $? = 0
configure:12661: result: yes
configure:12672: checking for getrlimit
configure:12672: gcc -fPIC -fPIE -o conftest -I/data/data/com.termux/files/usr/include -D__ANDROID__ -DISABLE_AOT=1 -DARM_FPU_NONE -DPLATFORM_ANDROID -fvisibility=hidden -g -D_GNU_SOURCE -U_FORTIFY_SOURCE -I/data/data/com.termux/files/usr/include -D__ANDROID__ -DISABLE_AOT=1 -DARM_FPU_NONE -DPLATFORM_ANDROID -L/data/data/com.termux/files/usr/lib -Wl--export-dynamic conftest.c -lc -ldl -lgnustl_shared  -llog -lgdiplus -lcairo -lfontconfig -lfreetype -lpng -lz -lglib-2.0 -lintl -lm  -lpthread >&5
warning: unknown warning option '-Wl--export-dynamic'; did you mean '-Wunsupported-nan'? [-Wunknown-warning-option]
1 warning generated.
configure:12672: $? = 0
configure:12672: result: yes
configure:12684: checking for fork
configure:12684: gcc -fPIC -fPIE -o conftest -I/data/data/com.termux/files/usr/include -D__ANDROID__ -DISABLE_AOT=1 -DARM_FPU_NONE -DPLATFORM_ANDROID -fvisibility=hidden -g -D_GNU_SOURCE -U_FORTIFY_SOURCE -I/data/data/com.termux/files/usr/include -D__ANDROID__ -DISABLE_AOT=1 -DARM_FPU_NONE -DPLATFORM_ANDROID -L/data/data/com.termux/files/usr/lib -Wl--export-dynamic conftest.c -lc -ldl -lgnustl_shared  -llog -lgdiplus -lcairo -lfontconfig -lfreetype -lpng -lz -lglib-2.0 -lintl -lm  -lpthread >&5
warning: unknown warning option '-Wl--export-dynamic'; did you mean '-Wunsupported-nan'? [-Wunknown-warning-option]
1 warning generated.
configure:12684: $? = 0
configure:12684: result: yes
configure:12684: checking for execv
configure:12684: gcc -fPIC -fPIE -o conftest -I/data/data/com.termux/files/usr/include -D__ANDROID__ -DISABLE_AOT=1 -DARM_FPU_NONE -DPLATFORM_ANDROID -fvisibility=hidden -g -D_GNU_SOURCE -U_FORTIFY_SOURCE -I/data/data/com.termux/files/usr/include -D__ANDROID__ -DISABLE_AOT=1 -DARM_FPU_NONE -DPLATFORM_ANDROID -L/data/data/com.termux/files/usr/lib -Wl--export-dynamic conftest.c -lc -ldl -lgnustl_shared  -llog -lgdiplus -lcairo -lfontconfig -lfreetype -lpng -lz -lglib-2.0 -lintl -lm  -lpthread >&5
warning: unknown warning option '-Wl--export-dynamic'; did you mean '-Wunsupported-nan'? [-Wunknown-warning-option]
1 warning generated.
configure:12684: $? = 0
configure:12684: result: yes
configure:12684: checking for execve
configure:12684: gcc -fPIC -fPIE -o conftest -I/data/data/com.termux/files/usr/include -D__ANDROID__ -DISABLE_AOT=1 -DARM_FPU_NONE -DPLATFORM_ANDROID -fvisibility=hidden -g -D_GNU_SOURCE -U_FORTIFY_SOURCE -I/data/data/com.termux/files/usr/include -D__ANDROID__ -DISABLE_AOT=1 -DARM_FPU_NONE -DPLATFORM_ANDROID -L/data/data/com.termux/files/usr/lib -Wl--export-dynamic conftest.c -lc -ldl -lgnustl_shared  -llog -lgdiplus -lcairo -lfontconfig -lfreetype -lpng -lz -lglib-2.0 -lintl -lm  -lpthread >&5
warning: unknown warning option '-Wl--export-dynamic'; did you mean '-Wunsupported-nan'? [-Wunknown-warning-option]
1 warning generated.
configure:12684: $? = 0
configure:12684: result: yes
configure:12708: Overridable allocator support disabled
configure:12735: checking for strndup
configure:12735: gcc -fPIC -fPIE -o conftest -I/data/data/com.termux/files/usr/include -D__ANDROID__ -DISABLE_AOT=1 -DARM_FPU_NONE -DPLATFORM_ANDROID -fvisibility=hidden -g -D_GNU_SOURCE -U_FORTIFY_SOURCE -I/data/data/com.termux/files/usr/include -D__ANDROID__ -DISABLE_AOT=1 -DARM_FPU_NONE -DPLATFORM_ANDROID -L/data/data/com.termux/files/usr/lib -Wl--export-dynamic conftest.c -lc -ldl -lgnustl_shared  -llog -lgdiplus -lcairo -lfontconfig -lfreetype -lpng -lz -lglib-2.0 -lintl -lm  -lpthread >&5
warning: unknown warning option '-Wl--export-dynamic'; did you mean '-Wunsupported-nan'? [-Wunknown-warning-option]
conftest.c:61:6: warning: incompatible redeclaration of library function 'strndup' [-Wincompatible-library-redeclaration]
char strndup ();
     ^
conftest.c:61:6: note: 'strndup' is a builtin with type 'char *(const char *, unsigned long)'
2 warnings generated.
configure:12735: $? = 0
configure:12735: result: yes
configure:12735: checking for getpwuid_r
configure:12735: gcc -fPIC -fPIE -o conftest -I/data/data/com.termux/files/usr/include -D__ANDROID__ -DISABLE_AOT=1 -DARM_FPU_NONE -DPLATFORM_ANDROID -fvisibility=hidden -g -D_GNU_SOURCE -U_FORTIFY_SOURCE -I/data/data/com.termux/files/usr/include -D__ANDROID__ -DISABLE_AOT=1 -DARM_FPU_NONE -DPLATFORM_ANDROID -L/data/data/com.termux/files/usr/lib -Wl--export-dynamic conftest.c -lc -ldl -lgnustl_shared  -llog -lgdiplus -lcairo -lfontconfig -lfreetype -lpng -lz -lglib-2.0 -lintl -lm  -lpthread >&5
warning: unknown warning option '-Wl--export-dynamic'; did you mean '-Wunsupported-nan'? [-Wunknown-warning-option]
1 warning generated.
configure:12735: $? = 0
configure:12735: result: yes
configure:12794: checking for ld used by GCC
configure:12858: result: /data/data/com.termux/files/usr/bin/ld
configure:12865: checking if the linker (/data/data/com.termux/files/usr/bin/ld) is GNU ld
configure:12878: result: yes
configure:12885: checking for shared library run path origin
configure:12898: result: done
configure:13476: checking for iconv
configure:13498: gcc -fPIC -fPIE -o conftest -I/data/data/com.termux/files/usr/include -D__ANDROID__ -DISABLE_AOT=1 -DARM_FPU_NONE -DPLATFORM_ANDROID -fvisibility=hidden -g -D_GNU_SOURCE -U_FORTIFY_SOURCE -I/data/data/com.termux/files/usr/include -D__ANDROID__ -DISABLE_AOT=1 -DARM_FPU_NONE -DPLATFORM_ANDROID -L/data/data/com.termux/files/usr/lib -Wl--export-dynamic conftest.c -lc -ldl -lgnustl_shared  -llog -lgdiplus -lcairo -lfontconfig -lfreetype -lpng -lz -lglib-2.0 -lintl -lm  -lpthread >&5
warning: unknown warning option '-Wl--export-dynamic'; did you mean '-Wunsupported-nan'? [-Wunknown-warning-option]
1 warning generated.
configure:13498: $? = 0
configure:13530: result: yes
configure:13533: checking for working iconv
configure:13628: gcc -fPIC -fPIE -o conftest -I/data/data/com.termux/files/usr/include -D__ANDROID__ -DISABLE_AOT=1 -DARM_FPU_NONE -DPLATFORM_ANDROID -fvisibility=hidden -g -D_GNU_SOURCE -U_FORTIFY_SOURCE -I/data/data/com.termux/files/usr/include -D__ANDROID__ -DISABLE_AOT=1 -DARM_FPU_NONE -DPLATFORM_ANDROID -L/data/data/com.termux/files/usr/lib -Wl--export-dynamic conftest.c -lc -ldl -lgnustl_shared  -llog -lgdiplus -lcairo -lfontconfig -lfreetype -lpng -lz -lglib-2.0 -lintl -lm  -lpthread >&5
warning: unknown warning option '-Wl--export-dynamic'; did you mean '-Wunsupported-nan'? [-Wunknown-warning-option]
1 warning generated.
configure:13628: $? = 0
configure:13628: ./conftest
configure:13628: $? = 0
configure:13640: result: yes
configure:13668: checking for iconv declaration
configure:13697: gcc -fPIC -fPIE -c -I/data/data/com.termux/files/usr/include -D__ANDROID__ -DISABLE_AOT=1 -DARM_FPU_NONE -DPLATFORM_ANDROID -fvisibility=hidden -g -D_GNU_SOURCE -U_FORTIFY_SOURCE -I/data/data/com.termux/files/usr/include -D__ANDROID__ -DISABLE_AOT=1 -DARM_FPU_NONE -DPLATFORM_ANDROID conftest.c >&5
configure:13697: $? = 0
configure:13708: result:
         extern size_t iconv (iconv_t cd, char * *inbuf, size_t *inbytesleft, char * *outbuf, size_t *outbytesleft);
configure:13718: checking for library containing sqrtf
configure:13749: gcc -fPIC -fPIE -o conftest -I/data/data/com.termux/files/usr/include -D__ANDROID__ -DISABLE_AOT=1 -DARM_FPU_NONE -DPLATFORM_ANDROID -fvisibility=hidden -g -D_GNU_SOURCE -U_FORTIFY_SOURCE -I/data/data/com.termux/files/usr/include -D__ANDROID__ -DISABLE_AOT=1 -DARM_FPU_NONE -DPLATFORM_ANDROID -L/data/data/com.termux/files/usr/lib -Wl--export-dynamic conftest.c -lc -ldl -lgnustl_shared  -llog -lgdiplus -lcairo -lfontconfig -lfreetype -lpng -lz -lglib-2.0 -lintl -lm  -lpthread >&5
warning: unknown warning option '-Wl--export-dynamic'; did you mean '-Wunsupported-nan'? [-Wunknown-warning-option]
conftest.c:49:6: warning: incompatible redeclaration of library function 'sqrtf' [-Wincompatible-library-redeclaration]
char sqrtf ();
     ^
conftest.c:49:6: note: 'sqrtf' is a builtin with type 'float (float)'
2 warnings generated.
configure:13749: $? = 0
configure:13766: result: none required
configure:13776: checking for library containing nanosleep
configure:13807: gcc -fPIC -fPIE -o conftest -I/data/data/com.termux/files/usr/include -D__ANDROID__ -DISABLE_AOT=1 -DARM_FPU_NONE -DPLATFORM_ANDROID -fvisibility=hidden -g -D_GNU_SOURCE -U_FORTIFY_SOURCE -I/data/data/com.termux/files/usr/include -D__ANDROID__ -DISABLE_AOT=1 -DARM_FPU_NONE -DPLATFORM_ANDROID -L/data/data/com.termux/files/usr/lib -Wl--export-dynamic conftest.c -lc -ldl -lgnustl_shared  -llog -lgdiplus -lcairo -lfontconfig -lfreetype -lpng -lz -lglib-2.0 -lintl -lm  -lpthread >&5
warning: unknown warning option '-Wl--export-dynamic'; did you mean '-Wunsupported-nan'? [-Wunknown-warning-option]
1 warning generated.
configure:13807: $? = 0
configure:13824: result: none required
configure:13833: checking for library containing dlopen
configure:13864: gcc -fPIC -fPIE -o conftest -I/data/data/com.termux/files/usr/include -D__ANDROID__ -DISABLE_AOT=1 -DARM_FPU_NONE -DPLATFORM_ANDROID -fvisibility=hidden -g -D_GNU_SOURCE -U_FORTIFY_SOURCE -I/data/data/com.termux/files/usr/include -D__ANDROID__ -DISABLE_AOT=1 -DARM_FPU_NONE -DPLATFORM_ANDROID -L/data/data/com.termux/files/usr/lib -Wl--export-dynamic conftest.c -lc -ldl -lgnustl_shared  -llog -lgdiplus -lcairo -lfontconfig -lfreetype -lpng -lz -lglib-2.0 -lintl -lm  -lpthread >&5
warning: unknown warning option '-Wl--export-dynamic'; did you mean '-Wunsupported-nan'? [-Wunknown-warning-option]
1 warning generated.
configure:13864: $? = 0
configure:13881: result: none required
configure:13902: gcc -fPIC -fPIE -o conftest -I/data/data/com.termux/files/usr/include -D__ANDROID__ -DISABLE_AOT=1 -DARM_FPU_NONE -DPLATFORM_ANDROID -fvisibility=hidden -g -D_GNU_SOURCE -U_FORTIFY_SOURCE -I/data/data/com.termux/files/usr/include -D__ANDROID__ -DISABLE_AOT=1 -DARM_FPU_NONE -DPLATFORM_ANDROID -L/data/data/com.termux/files/usr/lib -Wl--export-dynamic -Wl,-export-dynamic conftest.c -lc -ldl -lgnustl_shared  -llog -lgdiplus -lcairo -lfontconfig -lfreetype -lpng -lz -lglib-2.0 -lintl -lm  -lpthread >&5
warning: unknown warning option '-Wl--export-dynamic'; did you mean '-Wunsupported-nan'? [-Wunknown-warning-option]
1 warning generated.
configure:13902: $? = 0
configure:13913: checking for varargs macros
configure:13932: gcc -fPIC -fPIE -c -I/data/data/com.termux/files/usr/include -D__ANDROID__ -DISABLE_AOT=1 -DARM_FPU_NONE -DPLATFORM_ANDROID -fvisibility=hidden -g -D_GNU_SOURCE -U_FORTIFY_SOURCE -I/data/data/com.termux/files/usr/include -D__ANDROID__ -DISABLE_AOT=1 -DARM_FPU_NONE -DPLATFORM_ANDROID conftest.c >&5
conftest.c:49:14: error: function definition is not allowed here
void main () {
             ^
1 error generated.
configure:13932: $? = 1
configure: failed program was:
| /* confdefs.h */
| #define PACKAGE_NAME "eglib"
| #define PACKAGE_TARNAME "eglib"
| #define PACKAGE_VERSION "0.3"
| #define PACKAGE_STRING "eglib 0.3"
| #define PACKAGE_BUGREPORT "http://bugzilla.xamarin.com/enter_bug.cgi?classification=Mono"
| #define PACKAGE_URL ""
| #define PACKAGE "eglib"
| #define VERSION "0.3"
| #define STDC_HEADERS 1
| #define HAVE_SYS_TYPES_H 1
| #define HAVE_SYS_STAT_H 1
| #define HAVE_STDLIB_H 1
| #define HAVE_STRING_H 1
| #define HAVE_MEMORY_H 1
| #define HAVE_STRINGS_H 1
| #define HAVE_INTTYPES_H 1
| #define HAVE_STDINT_H 1
| #define HAVE_UNISTD_H 1
| #define HAVE_DLFCN_H 1
| #define LT_OBJDIR ".libs/"
| #define HAVE_CLASSIC_WINAPI_SUPPORT 1
| #define HAVE_UWP_WINAPI_SUPPORT 0
| #define SIZEOF_INT 4
| #define SIZEOF_VOID_P 8
| #define SIZEOF_LONG 8
| #define SIZEOF_LONG_LONG 8
| #define HAVE_STRLCPY 1
| #define HAVE_STPCPY 1
| #define HAVE_STRTOK_R 1
| #define HAVE_REWINDDIR 1
| #define HAVE_VASPRINTF 1
| #define HAVE_GETRLIMIT 1
| #define HAVE_FORK 1
| #define HAVE_EXECV 1
| #define HAVE_EXECVE 1
| #define HAVE_STRNDUP 1
| #define HAVE_GETPWUID_R 1
| #define HAVE_ICONV 1
| #define ICONV_CONST 
| /* end confdefs.h.  */
| 
| int
| main ()
| {
| 
| int foo (int i, int j);
| #define bar(...) foo (1, __VA_ARGS__)
| void main () {
| 	 bar (2);
| }
| 
|   ;
|   return 0;
| }
configure:13938: result: no
configure:13949: checking getopt.h usability
configure:13949: gcc -fPIC -fPIE -c -I/data/data/com.termux/files/usr/include -D__ANDROID__ -DISABLE_AOT=1 -DARM_FPU_NONE -DPLATFORM_ANDROID -fvisibility=hidden -g -D_GNU_SOURCE -U_FORTIFY_SOURCE -I/data/data/com.termux/files/usr/include -D__ANDROID__ -DISABLE_AOT=1 -DARM_FPU_NONE -DPLATFORM_ANDROID conftest.c >&5
configure:13949: $? = 0
configure:13949: result: yes
configure:13949: checking getopt.h presence
configure:13949: gcc -E -fPIC -fPIE -I/data/data/com.termux/files/usr/include -D__ANDROID__ -DISABLE_AOT=1 -DARM_FPU_NONE -DPLATFORM_ANDROID conftest.c
configure:13949: $? = 0
configure:13949: result: yes
configure:13949: checking for getopt.h
configure:13949: result: yes
configure:13949: checking sys/select.h usability
configure:13949: gcc -fPIC -fPIE -c -I/data/data/com.termux/files/usr/include -D__ANDROID__ -DISABLE_AOT=1 -DARM_FPU_NONE -DPLATFORM_ANDROID -fvisibility=hidden -g -D_GNU_SOURCE -U_FORTIFY_SOURCE -I/data/data/com.termux/files/usr/include -D__ANDROID__ -DISABLE_AOT=1 -DARM_FPU_NONE -DPLATFORM_ANDROID conftest.c >&5
configure:13949: $? = 0
configure:13949: result: yes
configure:13949: checking sys/select.h presence
configure:13949: gcc -E -fPIC -fPIE -I/data/data/com.termux/files/usr/include -D__ANDROID__ -DISABLE_AOT=1 -DARM_FPU_NONE -DPLATFORM_ANDROID conftest.c
configure:13949: $? = 0
configure:13949: result: yes
configure:13949: checking for sys/select.h
configure:13949: result: yes
configure:13949: checking sys/time.h usability
configure:13949: gcc -fPIC -fPIE -c -I/data/data/com.termux/files/usr/include -D__ANDROID__ -DISABLE_AOT=1 -DARM_FPU_NONE -DPLATFORM_ANDROID -fvisibility=hidden -g -D_GNU_SOURCE -U_FORTIFY_SOURCE -I/data/data/com.termux/files/usr/include -D__ANDROID__ -DISABLE_AOT=1 -DARM_FPU_NONE -DPLATFORM_ANDROID conftest.c >&5
configure:13949: $? = 0
configure:13949: result: yes
configure:13949: checking sys/time.h presence
configure:13949: gcc -E -fPIC -fPIE -I/data/data/com.termux/files/usr/include -D__ANDROID__ -DISABLE_AOT=1 -DARM_FPU_NONE -DPLATFORM_ANDROID conftest.c
configure:13949: $? = 0
configure:13949: result: yes
configure:13949: checking for sys/time.h
configure:13949: result: yes
configure:13949: checking sys/wait.h usability
configure:13949: gcc -fPIC -fPIE -c -I/data/data/com.termux/files/usr/include -D__ANDROID__ -DISABLE_AOT=1 -DARM_FPU_NONE -DPLATFORM_ANDROID -fvisibility=hidden -g -D_GNU_SOURCE -U_FORTIFY_SOURCE -I/data/data/com.termux/files/usr/include -D__ANDROID__ -DISABLE_AOT=1 -DARM_FPU_NONE -DPLATFORM_ANDROID conftest.c >&5
configure:13949: $? = 0
configure:13949: result: yes
configure:13949: checking sys/wait.h presence
configure:13949: gcc -E -fPIC -fPIE -I/data/data/com.termux/files/usr/include -D__ANDROID__ -DISABLE_AOT=1 -DARM_FPU_NONE -DPLATFORM_ANDROID conftest.c
configure:13949: $? = 0
configure:13949: result: yes
configure:13949: checking for sys/wait.h
configure:13949: result: yes
configure:13949: checking pwd.h usability
configure:13949: gcc -fPIC -fPIE -c -I/data/data/com.termux/files/usr/include -D__ANDROID__ -DISABLE_AOT=1 -DARM_FPU_NONE -DPLATFORM_ANDROID -fvisibility=hidden -g -D_GNU_SOURCE -U_FORTIFY_SOURCE -I/data/data/com.termux/files/usr/include -D__ANDROID__ -DISABLE_AOT=1 -DARM_FPU_NONE -DPLATFORM_ANDROID conftest.c >&5
configure:13949: $? = 0
configure:13949: result: yes
configure:13949: checking pwd.h presence
configure:13949: gcc -E -fPIC -fPIE -I/data/data/com.termux/files/usr/include -D__ANDROID__ -DISABLE_AOT=1 -DARM_FPU_NONE -DPLATFORM_ANDROID conftest.c
configure:13949: $? = 0
configure:13949: result: yes
configure:13949: checking for pwd.h
configure:13949: result: yes
configure:13949: checking iconv.h usability
configure:13949: gcc -fPIC -fPIE -c -I/data/data/com.termux/files/usr/include -D__ANDROID__ -DISABLE_AOT=1 -DARM_FPU_NONE -DPLATFORM_ANDROID -fvisibility=hidden -g -D_GNU_SOURCE -U_FORTIFY_SOURCE -I/data/data/com.termux/files/usr/include -D__ANDROID__ -DISABLE_AOT=1 -DARM_FPU_NONE -DPLATFORM_ANDROID conftest.c >&5
configure:13949: $? = 0
configure:13949: result: yes
configure:13949: checking iconv.h presence
configure:13949: gcc -E -fPIC -fPIE -I/data/data/com.termux/files/usr/include -D__ANDROID__ -DISABLE_AOT=1 -DARM_FPU_NONE -DPLATFORM_ANDROID conftest.c
configure:13949: $? = 0
configure:13949: result: yes
configure:13949: checking for iconv.h
configure:13949: result: yes
configure:13949: checking localcharset.h usability
configure:13949: gcc -fPIC -fPIE -c -I/data/data/com.termux/files/usr/include -D__ANDROID__ -DISABLE_AOT=1 -DARM_FPU_NONE -DPLATFORM_ANDROID -fvisibility=hidden -g -D_GNU_SOURCE -U_FORTIFY_SOURCE -I/data/data/com.termux/files/usr/include -D__ANDROID__ -DISABLE_AOT=1 -DARM_FPU_NONE -DPLATFORM_ANDROID conftest.c >&5
conftest.c:81:10: fatal error: 'localcharset.h' file not found
#include <localcharset.h>
         ^
1 error generated.
configure:13949: $? = 1
configure: failed program was:
| /* confdefs.h */
| #define PACKAGE_NAME "eglib"
| #define PACKAGE_TARNAME "eglib"
| #define PACKAGE_VERSION "0.3"
| #define PACKAGE_STRING "eglib 0.3"
| #define PACKAGE_BUGREPORT "http://bugzilla.xamarin.com/enter_bug.cgi?classification=Mono"
| #define PACKAGE_URL ""
| #define PACKAGE "eglib"
| #define VERSION "0.3"
| #define STDC_HEADERS 1
| #define HAVE_SYS_TYPES_H 1
| #define HAVE_SYS_STAT_H 1
| #define HAVE_STDLIB_H 1
| #define HAVE_STRING_H 1
| #define HAVE_MEMORY_H 1
| #define HAVE_STRINGS_H 1
| #define HAVE_INTTYPES_H 1
| #define HAVE_STDINT_H 1
| #define HAVE_UNISTD_H 1
| #define HAVE_DLFCN_H 1
| #define LT_OBJDIR ".libs/"
| #define HAVE_CLASSIC_WINAPI_SUPPORT 1
| #define HAVE_UWP_WINAPI_SUPPORT 0
| #define SIZEOF_INT 4
| #define SIZEOF_VOID_P 8
| #define SIZEOF_LONG 8
| #define SIZEOF_LONG_LONG 8
| #define HAVE_STRLCPY 1
| #define HAVE_STPCPY 1
| #define HAVE_STRTOK_R 1
| #define HAVE_REWINDDIR 1
| #define HAVE_VASPRINTF 1
| #define HAVE_GETRLIMIT 1
| #define HAVE_FORK 1
| #define HAVE_EXECV 1
| #define HAVE_EXECVE 1
| #define HAVE_STRNDUP 1
| #define HAVE_GETPWUID_R 1
| #define HAVE_ICONV 1
| #define ICONV_CONST 
| #define HAVE_GETOPT_H 1
| #define HAVE_SYS_SELECT_H 1
| #define HAVE_SYS_TIME_H 1
| #define HAVE_SYS_WAIT_H 1
| #define HAVE_PWD_H 1
| #define HAVE_ICONV_H 1
| /* end confdefs.h.  */
| #include <stdio.h>
| #ifdef HAVE_SYS_TYPES_H
| # include <sys/types.h>
| #endif
| #ifdef HAVE_SYS_STAT_H
| # include <sys/stat.h>
| #endif
| #ifdef STDC_HEADERS
| # include <stdlib.h>
| # include <stddef.h>
| #else
| # ifdef HAVE_STDLIB_H
| #  include <stdlib.h>
| # endif
| #endif
| #ifdef HAVE_STRING_H
| # if !defined STDC_HEADERS && defined HAVE_MEMORY_H
| #  include <memory.h>
| # endif
| # include <string.h>
| #endif
| #ifdef HAVE_STRINGS_H
| # include <strings.h>
| #endif
| #ifdef HAVE_INTTYPES_H
| # include <inttypes.h>
| #endif
| #ifdef HAVE_STDINT_H
| # include <stdint.h>
| #endif
| #ifdef HAVE_UNISTD_H
| # include <unistd.h>
| #endif
| #include <localcharset.h>
configure:13949: result: no
configure:13949: checking localcharset.h presence
configure:13949: gcc -E -fPIC -fPIE -I/data/data/com.termux/files/usr/include -D__ANDROID__ -DISABLE_AOT=1 -DARM_FPU_NONE -DPLATFORM_ANDROID conftest.c
conftest.c:48:10: fatal error: 'localcharset.h' file not found
#include <localcharset.h>
         ^
1 error generated.
configure:13949: $? = 1
configure: failed program was:
| /* confdefs.h */
| #define PACKAGE_NAME "eglib"
| #define PACKAGE_TARNAME "eglib"
| #define PACKAGE_VERSION "0.3"
| #define PACKAGE_STRING "eglib 0.3"
| #define PACKAGE_BUGREPORT "http://bugzilla.xamarin.com/enter_bug.cgi?classification=Mono"
| #define PACKAGE_URL ""
| #define PACKAGE "eglib"
| #define VERSION "0.3"
| #define STDC_HEADERS 1
| #define HAVE_SYS_TYPES_H 1
| #define HAVE_SYS_STAT_H 1
| #define HAVE_STDLIB_H 1
| #define HAVE_STRING_H 1
| #define HAVE_MEMORY_H 1
| #define HAVE_STRINGS_H 1
| #define HAVE_INTTYPES_H 1
| #define HAVE_STDINT_H 1
| #define HAVE_UNISTD_H 1
| #define HAVE_DLFCN_H 1
| #define LT_OBJDIR ".libs/"
| #define HAVE_CLASSIC_WINAPI_SUPPORT 1
| #define HAVE_UWP_WINAPI_SUPPORT 0
| #define SIZEOF_INT 4
| #define SIZEOF_VOID_P 8
| #define SIZEOF_LONG 8
| #define SIZEOF_LONG_LONG 8
| #define HAVE_STRLCPY 1
| #define HAVE_STPCPY 1
| #define HAVE_STRTOK_R 1
| #define HAVE_REWINDDIR 1
| #define HAVE_VASPRINTF 1
| #define HAVE_GETRLIMIT 1
| #define HAVE_FORK 1
| #define HAVE_EXECV 1
| #define HAVE_EXECVE 1
| #define HAVE_STRNDUP 1
| #define HAVE_GETPWUID_R 1
| #define HAVE_ICONV 1
| #define ICONV_CONST 
| #define HAVE_GETOPT_H 1
| #define HAVE_SYS_SELECT_H 1
| #define HAVE_SYS_TIME_H 1
| #define HAVE_SYS_WAIT_H 1
| #define HAVE_PWD_H 1
| #define HAVE_ICONV_H 1
| /* end confdefs.h.  */
| #include <localcharset.h>
configure:13949: result: no
configure:13949: checking for localcharset.h
configure:13949: result: no
configure:13949: checking for sys/types.h
configure:13949: result: yes
configure:13949: checking sys/resource.h usability
configure:13949: gcc -fPIC -fPIE -c -I/data/data/com.termux/files/usr/include -D__ANDROID__ -DISABLE_AOT=1 -DARM_FPU_NONE -DPLATFORM_ANDROID -fvisibility=hidden -g -D_GNU_SOURCE -U_FORTIFY_SOURCE -I/data/data/com.termux/files/usr/include -D__ANDROID__ -DISABLE_AOT=1 -DARM_FPU_NONE -DPLATFORM_ANDROID conftest.c >&5
configure:13949: $? = 0
configure:13949: result: yes
configure:13949: checking sys/resource.h presence
configure:13949: gcc -E -fPIC -fPIE -I/data/data/com.termux/files/usr/include -D__ANDROID__ -DISABLE_AOT=1 -DARM_FPU_NONE -DPLATFORM_ANDROID conftest.c
configure:13949: $? = 0
configure:13949: result: yes
configure:13949: checking for sys/resource.h
configure:13949: result: yes
configure:13959: checking for locale_charset in -liconv
configure:13984: gcc -fPIC -fPIE -o conftest -I/data/data/com.termux/files/usr/include -D__ANDROID__ -DISABLE_AOT=1 -DARM_FPU_NONE -DPLATFORM_ANDROID -fvisibility=hidden -g -D_GNU_SOURCE -U_FORTIFY_SOURCE -I/data/data/com.termux/files/usr/include -D__ANDROID__ -DISABLE_AOT=1 -DARM_FPU_NONE -DPLATFORM_ANDROID -L/data/data/com.termux/files/usr/lib -Wl--export-dynamic -Wl,-export-dynamic conftest.c -liconv  -lc -ldl -lgnustl_shared  -llog -lgdiplus -lcairo -lfontconfig -lfreetype -lpng -lz -lglib-2.0 -lintl -lm  -lpthread >&5
warning: unknown warning option '-Wl--export-dynamic'; did you mean '-Wunsupported-nan'? [-Wunknown-warning-option]
1 warning generated.
/data/data/com.termux/files/usr/tmp/conftest-a35817.o: In function `main':
/data/data/com.termux/files/pkg/ps/mono-4.9.0/eglib/conftest.c:61: undefined reference to `locale_charset'
clang-3.9: error: linker command failed with exit code 1 (use -v to see invocation)
configure:13984: $? = 1
configure: failed program was:
| /* confdefs.h */
| #define PACKAGE_NAME "eglib"
| #define PACKAGE_TARNAME "eglib"
| #define PACKAGE_VERSION "0.3"
| #define PACKAGE_STRING "eglib 0.3"
| #define PACKAGE_BUGREPORT "http://bugzilla.xamarin.com/enter_bug.cgi?classification=Mono"
| #define PACKAGE_URL ""
| #define PACKAGE "eglib"
| #define VERSION "0.3"
| #define STDC_HEADERS 1
| #define HAVE_SYS_TYPES_H 1
| #define HAVE_SYS_STAT_H 1
| #define HAVE_STDLIB_H 1
| #define HAVE_STRING_H 1
| #define HAVE_MEMORY_H 1
| #define HAVE_STRINGS_H 1
| #define HAVE_INTTYPES_H 1
| #define HAVE_STDINT_H 1
| #define HAVE_UNISTD_H 1
| #define HAVE_DLFCN_H 1
| #define LT_OBJDIR ".libs/"
| #define HAVE_CLASSIC_WINAPI_SUPPORT 1
| #define HAVE_UWP_WINAPI_SUPPORT 0
| #define SIZEOF_INT 4
| #define SIZEOF_VOID_P 8
| #define SIZEOF_LONG 8
| #define SIZEOF_LONG_LONG 8
| #define HAVE_STRLCPY 1
| #define HAVE_STPCPY 1
| #define HAVE_STRTOK_R 1
| #define HAVE_REWINDDIR 1
| #define HAVE_VASPRINTF 1
| #define HAVE_GETRLIMIT 1
| #define HAVE_FORK 1
| #define HAVE_EXECV 1
| #define HAVE_EXECVE 1
| #define HAVE_STRNDUP 1
| #define HAVE_GETPWUID_R 1
| #define HAVE_ICONV 1
| #define ICONV_CONST 
| #define HAVE_GETOPT_H 1
| #define HAVE_SYS_SELECT_H 1
| #define HAVE_SYS_TIME_H 1
| #define HAVE_SYS_WAIT_H 1
| #define HAVE_PWD_H 1
| #define HAVE_ICONV_H 1
| #define HAVE_SYS_TYPES_H 1
| #define HAVE_SYS_RESOURCE_H 1
| /* end confdefs.h.  */
| 
| /* Override any GCC internal prototype to avoid an error.
|    Use char because int might match the return type of a GCC
|    builtin and then its argument prototype would still apply.  */
| #ifdef __cplusplus
| extern "C"
| #endif
| char locale_charset ();
| int
| main ()
| {
| return locale_charset ();
|   ;
|   return 0;
| }
configure:13993: result: no
configure:14003: checking for locale_charset in -lcharset
configure:14028: gcc -fPIC -fPIE -o conftest -I/data/data/com.termux/files/usr/include -D__ANDROID__ -DISABLE_AOT=1 -DARM_FPU_NONE -DPLATFORM_ANDROID -fvisibility=hidden -g -D_GNU_SOURCE -U_FORTIFY_SOURCE -I/data/data/com.termux/files/usr/include -D__ANDROID__ -DISABLE_AOT=1 -DARM_FPU_NONE -DPLATFORM_ANDROID -L/data/data/com.termux/files/usr/lib -Wl--export-dynamic -Wl,-export-dynamic conftest.c -lcharset  -lc -ldl -lgnustl_shared  -llog -lgdiplus -lcairo -lfontconfig -lfreetype -lpng -lz -lglib-2.0 -lintl -lm  -lpthread >&5
warning: unknown warning option '-Wl--export-dynamic'; did you mean '-Wunsupported-nan'? [-Wunknown-warning-option]
1 warning generated.
/data/data/com.termux/files/usr/bin/ld: cannot find -lcharset
clang-3.9: error: linker command failed with exit code 1 (use -v to see invocation)
configure:14028: $? = 1
configure: failed program was:
| /* confdefs.h */
| #define PACKAGE_NAME "eglib"
| #define PACKAGE_TARNAME "eglib"
| #define PACKAGE_VERSION "0.3"
| #define PACKAGE_STRING "eglib 0.3"
| #define PACKAGE_BUGREPORT "http://bugzilla.xamarin.com/enter_bug.cgi?classification=Mono"
| #define PACKAGE_URL ""
| #define PACKAGE "eglib"
| #define VERSION "0.3"
| #define STDC_HEADERS 1
| #define HAVE_SYS_TYPES_H 1
| #define HAVE_SYS_STAT_H 1
| #define HAVE_STDLIB_H 1
| #define HAVE_STRING_H 1
| #define HAVE_MEMORY_H 1
| #define HAVE_STRINGS_H 1
| #define HAVE_INTTYPES_H 1
| #define HAVE_STDINT_H 1
| #define HAVE_UNISTD_H 1
| #define HAVE_DLFCN_H 1
| #define LT_OBJDIR ".libs/"
| #define HAVE_CLASSIC_WINAPI_SUPPORT 1
| #define HAVE_UWP_WINAPI_SUPPORT 0
| #define SIZEOF_INT 4
| #define SIZEOF_VOID_P 8
| #define SIZEOF_LONG 8
| #define SIZEOF_LONG_LONG 8
| #define HAVE_STRLCPY 1
| #define HAVE_STPCPY 1
| #define HAVE_STRTOK_R 1
| #define HAVE_REWINDDIR 1
| #define HAVE_VASPRINTF 1
| #define HAVE_GETRLIMIT 1
| #define HAVE_FORK 1
| #define HAVE_EXECV 1
| #define HAVE_EXECVE 1
| #define HAVE_STRNDUP 1
| #define HAVE_GETPWUID_R 1
| #define HAVE_ICONV 1
| #define ICONV_CONST 
| #define HAVE_GETOPT_H 1
| #define HAVE_SYS_SELECT_H 1
| #define HAVE_SYS_TIME_H 1
| #define HAVE_SYS_WAIT_H 1
| #define HAVE_PWD_H 1
| #define HAVE_ICONV_H 1
| #define HAVE_SYS_TYPES_H 1
| #define HAVE_SYS_RESOURCE_H 1
| /* end confdefs.h.  */
| 
| /* Override any GCC internal prototype to avoid an error.
|    Use char because int might match the return type of a GCC
|    builtin and then its argument prototype would still apply.  */
| #ifdef __cplusplus
| extern "C"
| #endif
| char locale_charset ();
| int
| main ()
| {
| return locale_charset ();
|   ;
|   return 0;
| }
configure:14037: result: no
configure:14045: checking alloca.h usability
configure:14045: gcc -fPIC -fPIE -c -I/data/data/com.termux/files/usr/include -D__ANDROID__ -DISABLE_AOT=1 -DARM_FPU_NONE -DPLATFORM_ANDROID -fvisibility=hidden -g -D_GNU_SOURCE -U_FORTIFY_SOURCE -I/data/data/com.termux/files/usr/include -D__ANDROID__ -DISABLE_AOT=1 -DARM_FPU_NONE -DPLATFORM_ANDROID conftest.c >&5
configure:14045: $? = 0
configure:14045: result: yes
configure:14045: checking alloca.h presence
configure:14045: gcc -E -fPIC -fPIE -I/data/data/com.termux/files/usr/include -D__ANDROID__ -DISABLE_AOT=1 -DARM_FPU_NONE -DPLATFORM_ANDROID conftest.c
configure:14045: $? = 0
configure:14045: result: yes
configure:14045: checking for alloca.h
configure:14045: result: yes
configure:14082: checking for pkg-config
configure:14100: found /data/data/com.termux/files/usr/bin/pkg-config
configure:14113: result: /data/data/com.termux/files/usr/bin/pkg-config
configure:14273: checking that generated files are newer than configure
configure:14279: result: done
configure:14331: creating ./config.status

## ---------------------- ##
## Running config.status. ##
## ---------------------- ##

This file was extended by eglib config.status 0.3, which was
generated by GNU Autoconf 2.69.  Invocation command line was

  CONFIG_FILES    = 
  CONFIG_HEADERS  = 
  CONFIG_LINKS    = 
  CONFIG_COMMANDS = 
  $ ./config.status 

on localhost

config.status:1159: creating Makefile
config.status:1159: creating m4/Makefile
config.status:1159: creating src/Makefile
config.status:1159: creating src/eglib-config.h
config.status:1159: creating test/Makefile
config.status:1159: creating config.h
config.status:1340: config.h is unchanged
config.status:1388: executing depfiles commands
config.status:1388: executing libtool commands

## ---------------- ##
## Cache variables. ##
## ---------------- ##

ac_cv_build=aarch64-unknown-linux-gnu
ac_cv_c_bigendian=no
ac_cv_c_compiler_gnu=yes
ac_cv_env_CC_set=set
ac_cv_env_CC_value='gcc -fPIC -fPIE'
ac_cv_env_CFLAGS_set=set
ac_cv_env_CFLAGS_value='-I/data/data/com.termux/files/usr/include -D__ANDROID__ -DISABLE_AOT=1 -DARM_FPU_NONE -DPLATFORM_ANDROID'
ac_cv_env_CPPFLAGS_set=set
ac_cv_env_CPPFLAGS_value='-I/data/data/com.termux/files/usr/include -D__ANDROID__ -DISABLE_AOT=1 -DARM_FPU_NONE -DPLATFORM_ANDROID'
ac_cv_env_CPP_set=set
ac_cv_env_CPP_value='gcc -E -fPIC -fPIE'
ac_cv_env_LDFLAGS_set=set
ac_cv_env_LDFLAGS_value='-L/data/data/com.termux/files/usr/lib -Wl--export-dynamic'
ac_cv_env_LIBS_set=set
ac_cv_env_LIBS_value='-lc -ldl -lgnustl_shared  -llog -lgdiplus -lcairo -lfontconfig -lfreetype -lpng -lz -lglib-2.0 -lintl -lm  -lpthread'
ac_cv_env_build_alias_set=
ac_cv_env_build_alias_value=
ac_cv_env_host_alias_set=
ac_cv_env_host_alias_value=
ac_cv_env_target_alias_set=
ac_cv_env_target_alias_value=
ac_cv_func_execv=yes
ac_cv_func_execve=yes
ac_cv_func_fork=yes
ac_cv_func_getpwuid_r=yes
ac_cv_func_getrlimit=yes
ac_cv_func_rewinddir=yes
ac_cv_func_stpcpy=yes
ac_cv_func_strlcpy=yes
ac_cv_func_strndup=yes
ac_cv_func_strtok_r=yes
ac_cv_func_vasprintf=yes
ac_cv_header_alloca_h=yes
ac_cv_header_dlfcn_h=yes
ac_cv_header_getopt_h=yes
ac_cv_header_iconv_h=yes
ac_cv_header_inttypes_h=yes
ac_cv_header_localcharset_h=no
ac_cv_header_memory_h=yes
ac_cv_header_pwd_h=yes
ac_cv_header_stdc=yes
ac_cv_header_stdint_h=yes
ac_cv_header_stdlib_h=yes
ac_cv_header_string_h=yes
ac_cv_header_strings_h=yes
ac_cv_header_sys_resource_h=yes
ac_cv_header_sys_select_h=yes
ac_cv_header_sys_stat_h=yes
ac_cv_header_sys_time_h=yes
ac_cv_header_sys_types_h=yes
ac_cv_header_sys_wait_h=yes
ac_cv_header_unistd_h=yes
ac_cv_host=aarch64-unknown-linux-gnu
ac_cv_lib_charset_locale_charset=no
ac_cv_lib_iconv_locale_charset=no
ac_cv_objext=o
ac_cv_path_DOLT_BASH=/data/data/com.termux/files/usr/bin/bash
ac_cv_path_EGREP='/data/data/com.termux/files/usr/bin/grep -E'
ac_cv_path_FGREP='/data/data/com.termux/files/usr/bin/grep -F'
ac_cv_path_GREP=/data/data/com.termux/files/usr/bin/grep
ac_cv_path_PKG_CONFIG=/data/data/com.termux/files/usr/bin/pkg-config
ac_cv_path_SED=/data/data/com.termux/files/usr/bin/sed
ac_cv_path_install='/data/data/com.termux/files/usr/bin/install -c'
ac_cv_path_mkdir=/data/data/com.termux/files/usr/bin/mkdir
ac_cv_prog_AWK=awk
ac_cv_prog_CPP='gcc -E -fPIC -fPIE'
ac_cv_prog_ac_ct_AR=ar
ac_cv_prog_ac_ct_CC='gcc -fPIC -fPIE'
ac_cv_prog_ac_ct_OBJDUMP=objdump
ac_cv_prog_ac_ct_RANLIB=ranlib
ac_cv_prog_ac_ct_STRIP=strip
ac_cv_prog_cc_c89=
ac_cv_prog_cc_g=yes
ac_cv_prog_make_make_set=yes
ac_cv_search_dlopen='none required'
ac_cv_search_nanosleep='none required'
ac_cv_search_sqrtf='none required'
ac_cv_sizeof_int=4
ac_cv_sizeof_long=8
ac_cv_sizeof_long_long=8
ac_cv_sizeof_void_p=8
ac_cv_target=aarch64-unknown-linux-gnu
acl_cv_hardcode_direct=no
acl_cv_hardcode_libdir_flag_spec='${wl}-rpath ${wl}$libdir'
acl_cv_hardcode_libdir_separator=
acl_cv_hardcode_minus_L=no
acl_cv_libext=a
acl_cv_libname_spec='lib$name'
acl_cv_library_names_spec='$libname$shrext'
acl_cv_path_LD=/data/data/com.termux/files/usr/bin/ld
acl_cv_prog_gnu_ld=yes
acl_cv_rpath=done
acl_cv_shlibext=so
acl_cv_wl=-Wl,
am_cv_CC_dependencies_compiler_type=gcc3
am_cv_func_iconv=yes
am_cv_func_iconv_works=yes
am_cv_lib_iconv=no
am_cv_make_support_nested_variables=yes
am_cv_prog_cc_c_o=yes
am_cv_prog_tar_ustar=gnutar
am_cv_proto_iconv='extern size_t iconv (iconv_t cd, char * *inbuf, size_t *inbytesleft, char * *outbuf, size_t *outbytesleft);'
am_cv_proto_iconv_arg1=
lt_cv_ar_at_file=@
lt_cv_archive_cmds_need_lc=no
lt_cv_deplibs_check_method=pass_all
lt_cv_file_magic_cmd='$MAGIC_CMD'
lt_cv_file_magic_test_file=
lt_cv_ld_reload_flag=-r
lt_cv_nm_interface='BSD nm'
lt_cv_objdir=.libs
lt_cv_path_LD=/data/data/com.termux/files/usr/bin/ld
lt_cv_path_NM='/data/data/com.termux/files/usr/bin/nm -B'
lt_cv_path_mainfest_tool=no
lt_cv_prog_compiler_c_o=yes
lt_cv_prog_compiler_pic='-fPIC -DPIC'
lt_cv_prog_compiler_pic_works=yes
lt_cv_prog_compiler_rtti_exceptions=yes
lt_cv_prog_compiler_static_works=no
lt_cv_prog_gnu_ld=yes
lt_cv_sharedlib_from_linklib_cmd='printf %s\n'
lt_cv_shlibpath_overrides_runpath=no
lt_cv_sys_global_symbol_pipe='sed -n -e '\''s/^.*[	 ]\([ABCDGIRSTW][ABCDGIRSTW]*\)[	 ][	 ]*\([_A-Za-z][_A-Za-z0-9]*\)$/\1 \2 \2/p'\'' | sed '\''/ __gnu_lto/d'\'''
lt_cv_sys_global_symbol_to_c_name_address='sed -n -e '\''s/^: \([^ ]*\)[ ]*$/  {\"\1\", (void *) 0},/p'\'' -e '\''s/^[ABCDGIRSTW]* \([^ ]*\) \([^ ]*\)$/  {"\2", (void *) \&\2},/p'\'''
lt_cv_sys_global_symbol_to_c_name_address_lib_prefix='sed -n -e '\''s/^: \([^ ]*\)[ ]*$/  {\"\1\", (void *) 0},/p'\'' -e '\''s/^[ABCDGIRSTW]* \([^ ]*\) \(lib[^ ]*\)$/  {"\2", (void *) \&\2},/p'\'' -e '\''s/^[ABCDGIRSTW]* \([^ ]*\) \([^ ]*\)$/  {"lib\2", (void *) \&\2},/p'\'''
lt_cv_sys_global_symbol_to_cdecl='sed -n -e '\''s/^T .* \(.*\)$/extern int \1();/p'\'' -e '\''s/^[ABCDGIRSTW]* .* \(.*\)$/extern char \1;/p'\'''
lt_cv_sys_max_cmd_len=32768
lt_cv_to_host_file_cmd=func_convert_file_noop
lt_cv_to_tool_file_cmd=func_convert_file_noop

## ----------------- ##
## Output variables. ##
## ----------------- ##

ACLOCAL='${SHELL} /data/data/com.termux/files/pkg/ps/mono-4.9.0/missing aclocal-1.14'
AMDEPBACKSLASH='\'
AMDEP_FALSE='#'
AMDEP_TRUE=''
AMTAR='$${TAR-tar}'
AM_BACKSLASH='\'
AM_DEFAULT_V='$(AM_DEFAULT_VERBOSITY)'
AM_DEFAULT_VERBOSITY='0'
AM_V='$(V)'
AR='ar'
AUTOCONF='${SHELL} /data/data/com.termux/files/pkg/ps/mono-4.9.0/missing autoconf'
AUTOHEADER='${SHELL} /data/data/com.termux/files/pkg/ps/mono-4.9.0/missing autoheader'
AUTOMAKE='${SHELL} /data/data/com.termux/files/pkg/ps/mono-4.9.0/missing automake-1.14'
AWK='awk'
BREAKPOINT='G_STMT_START { raise (SIGTRAP); } G_STMT_END'
CC='gcc -fPIC -fPIE'
CCDEPMODE='depmode=gcc3'
CFLAGS='-I/data/data/com.termux/files/usr/include -D__ANDROID__ -DISABLE_AOT=1 -DARM_FPU_NONE -DPLATFORM_ANDROID -fvisibility=hidden -g -D_GNU_SOURCE -U_FORTIFY_SOURCE'
CPP='gcc -E -fPIC -fPIE'
CPPFLAGS='-I/data/data/com.termux/files/usr/include -D__ANDROID__ -DISABLE_AOT=1 -DARM_FPU_NONE -DPLATFORM_ANDROID'
CROSS_COMPILING_FALSE=''
CROSS_COMPILING_TRUE='#'
CYGPATH_W='echo'
DEFS='-DHAVE_CONFIG_H'
DEPDIR='.deps'
DLLTOOL='false'
DOLT_BASH='/data/data/com.termux/files/usr/bin/bash'
DSYMUTIL=''
DUMPBIN=''
ECHO_C=''
ECHO_N='-n'
ECHO_T=''
EGREP='/data/data/com.termux/files/usr/bin/grep -E'
EXEEXT=''
FGREP='/data/data/com.termux/files/usr/bin/grep -F'
GINT_TO_POINTER='((gpointer)(glong) (v))'
GNUC_NORETURN='__attribute__((__noreturn__))'
GNUC_PRETTY=''
GNUC_UNUSED='__attribute__((__unused__))'
GPOINTER_TO_INT='((gint)(long) (ptr))'
GPOINTER_TO_UINT='((guint)(long) (ptr))'
GREP='/data/data/com.termux/files/usr/bin/grep'
GSIZE='long'
GSIZE_FORMAT='"lu"'
GUINT_TO_POINTER='((gpointer)(gulong) (v))'
G_GINT32_FORMAT=''
G_GINT64_FORMAT=''
G_GUINT32_FORMAT=''
G_GUINT64_FORMAT=''
G_HAVE_ISO_VARARGS='0'
HAVE_ALLOCA_H='1'
HOST_WIN32_FALSE=''
HOST_WIN32_TRUE='#'
INSTALL_DATA='${INSTALL} -m 644'
INSTALL_PROGRAM='${INSTALL}'
INSTALL_SCRIPT='${INSTALL}'
INSTALL_STRIP_PROGRAM='$(install_sh) -c -s'
LD='/data/data/com.termux/files/usr/bin/ld'
LDFLAGS='-L/data/data/com.termux/files/usr/lib -Wl--export-dynamic -Wl,-export-dynamic'
LIBICONV=''
LIBOBJS=''
LIBS='-lc -ldl -lgnustl_shared  -llog -lgdiplus -lcairo -lfontconfig -lfreetype -lpng -lz -lglib-2.0 -lintl -lm  -lpthread'
LIBTOOL='$(top_builddir)/doltlibtool'
LIPO=''
LN_S='ln -s'
LTCOMPILE='$(top_builddir)/doltcompile $(COMPILE)'
LTCXXCOMPILE='$(top_builddir)/doltcompile $(CXXCOMPILE)'
LTLIBICONV=''
LTLIBOBJS=''
MAINT='#'
MAINTAINER_MODE_FALSE=''
MAINTAINER_MODE_TRUE='#'
MAKEINFO='${SHELL} /data/data/com.termux/files/pkg/ps/mono-4.9.0/missing makeinfo'
MANIFEST_TOOL=':'
MKDIR_P='/data/data/com.termux/files/usr/bin/mkdir -p'
NEED_VASPRINTF_FALSE=''
NEED_VASPRINTF_TRUE='#'
NM='/data/data/com.termux/files/usr/bin/nm -B'
NMEDIT=''
OBJDUMP='objdump'
OBJEXT='o'
ORDER='G_LITTLE_ENDIAN'
OS='UNIX'
OTOOL64=''
OTOOL=''
PACKAGE='eglib'
PACKAGE_BUGREPORT='http://bugzilla.xamarin.com/enter_bug.cgi?classification=Mono'
PACKAGE_NAME='eglib'
PACKAGE_STRING='eglib 0.3'
PACKAGE_TARNAME='eglib'
PACKAGE_URL=''
PACKAGE_VERSION='0.3'
PATHSEP='/'
PATH_SEPARATOR=':'
PIDTYPE='int'
PKG_CONFIG='/data/data/com.termux/files/usr/bin/pkg-config'
PLATFORM_ANDROID_FALSE=''
PLATFORM_ANDROID_TRUE='#'
PLATFORM_DARWIN_FALSE=''
PLATFORM_DARWIN_TRUE='#'
RANLIB='ranlib'
SEARCHSEP=':'
SED='/data/data/com.termux/files/usr/bin/sed'
SET_MAKE=''
SHELL='/data/data/com.termux/files/usr/bin/bash'
STRIP='strip'
TARGET_WIN32_FALSE=''
TARGET_WIN32_TRUE='#'
VERSION='0.3'
WERROR_CFLAGS=''
ac_ct_AR='ar'
ac_ct_CC='gcc -fPIC -fPIE'
ac_ct_DUMPBIN=''
am__EXEEXT_FALSE=''
am__EXEEXT_TRUE='#'
am__fastdepCC_FALSE='#'
am__fastdepCC_TRUE=''
am__include='include'
am__isrc=''
am__leading_dot='.'
am__nodep='_no'
am__quote=''
am__tar='tar --format=ustar -chf - "$$tardir"'
am__untar='tar -xf -'
bindir='${exec_prefix}/bin'
build='aarch64-unknown-linux-gnu'
build_alias=''
build_cpu='aarch64'
build_os='linux-gnu'
build_vendor='unknown'
datadir='${datarootdir}'
datarootdir='${prefix}/share'
docdir='${datarootdir}/doc/${PACKAGE_TARNAME}'
dvidir='${docdir}'
exec_prefix='${prefix}'
host='aarch64-unknown-linux-gnu'
host_alias=''
host_cpu='aarch64'
host_os='linux-gnu'
host_vendor='unknown'
htmldir='${docdir}'
includedir='${prefix}/include'
infodir='${datarootdir}/info'
install_sh='${SHELL} /data/data/com.termux/files/pkg/ps/mono-4.9.0/install-sh'
libdir='${exec_prefix}/lib'
libexecdir='${exec_prefix}/libexec'
localedir='${datarootdir}/locale'
localstatedir='${prefix}/var'
mandir='${datarootdir}/man'
mkdir_p='$(MKDIR_P)'
oldincludedir='/usr/include'
pdfdir='${docdir}'
prefix='/data/data/com.termux/files/usr'
program_transform_name='s,x,x,'
psdir='${docdir}'
sbindir='${exec_prefix}/sbin'
sharedstatedir='${prefix}/com'
sysconfdir='${prefix}/etc'
target='aarch64-unknown-linux-gnu'
target_alias=''
target_cpu='aarch64'
target_os='linux-gnu'
target_vendor='unknown'

## ----------- ##
## confdefs.h. ##
## ----------- ##

/* confdefs.h */
#define PACKAGE_NAME "eglib"
#define PACKAGE_TARNAME "eglib"
#define PACKAGE_VERSION "0.3"
#define PACKAGE_STRING "eglib 0.3"
#define PACKAGE_BUGREPORT "http://bugzilla.xamarin.com/enter_bug.cgi?classification=Mono"
#define PACKAGE_URL ""
#define PACKAGE "eglib"
#define VERSION "0.3"
#define STDC_HEADERS 1
#define HAVE_SYS_TYPES_H 1
#define HAVE_SYS_STAT_H 1
#define HAVE_STDLIB_H 1
#define HAVE_STRING_H 1
#define HAVE_MEMORY_H 1
#define HAVE_STRINGS_H 1
#define HAVE_INTTYPES_H 1
#define HAVE_STDINT_H 1
#define HAVE_UNISTD_H 1
#define HAVE_DLFCN_H 1
#define LT_OBJDIR ".libs/"
#define HAVE_CLASSIC_WINAPI_SUPPORT 1
#define HAVE_UWP_WINAPI_SUPPORT 0
#define SIZEOF_INT 4
#define SIZEOF_VOID_P 8
#define SIZEOF_LONG 8
#define SIZEOF_LONG_LONG 8
#define HAVE_STRLCPY 1
#define HAVE_STPCPY 1
#define HAVE_STRTOK_R 1
#define HAVE_REWINDDIR 1
#define HAVE_VASPRINTF 1
#define HAVE_GETRLIMIT 1
#define HAVE_FORK 1
#define HAVE_EXECV 1
#define HAVE_EXECVE 1
#define HAVE_STRNDUP 1
#define HAVE_GETPWUID_R 1
#define HAVE_ICONV 1
#define ICONV_CONST 
#define HAVE_GETOPT_H 1
#define HAVE_SYS_SELECT_H 1
#define HAVE_SYS_TIME_H 1
#define HAVE_SYS_WAIT_H 1
#define HAVE_PWD_H 1
#define HAVE_ICONV_H 1
#define HAVE_SYS_TYPES_H 1
#define HAVE_SYS_RESOURCE_H 1

configure: exit 0
